<?xml version="1.0" encoding="UTF-8"?>
<testsuite tests="354" skipped="0" errors="0" failures="0" id="0" name="Master_Test_Suite" time="0.073266">
<testcase assertions="1" classname="test_exchanger.test" name="_0" time="0.000225">
<system-out><![CDATA[INFO:
- file   : test_exchanger.cpp
- line   : 84
- message: check exchanger::evaluate(node, move) == score has passed
- context:
  - 'node = 
 abcdefgh
8       k8
7p       7
6 p      6
5        5
4        4
3 Q      3
2        2
1       K1
 abcdefgh
Color = 1
EnPassant = 
; move = b3b6; score = -800; '


]]></system-out>
<system-err><![CDATA[Test case:
- name: test_exchanger/test/_0
- description: ''
- file: 
- line: 140727119335952
]]></system-err>
</testcase>
<testcase assertions="1" classname="test_exchanger.test" name="_1" time="0.000176">
<system-out><![CDATA[INFO:
- file   : test_exchanger.cpp
- line   : 84
- message: check exchanger::evaluate(node, move) == score has passed
- context:
  - 'node = 
 abcdefgh
8       k8
7p       7
6 p      6
5  P     5
4        4
3 Q      3
2        2
1       K1
 abcdefgh
Color = 1
EnPassant = 
; move = b3b6; score = -700; '


]]></system-out>
<system-err><![CDATA[Test case:
- name: test_exchanger/test/_1
- description: ''
- file: 
- line: 140727119335952
]]></system-err>
</testcase>
<testcase assertions="1" classname="test_exchanger.test" name="_2" time="0.000167">
<system-out><![CDATA[INFO:
- file   : test_exchanger.cpp
- line   : 84
- message: check exchanger::evaluate(node, move) == score has passed
- context:
  - 'node = 
 abcdefgh
8       k8
7p       7
6 p      6
5  P     5
4        4
3 Q      3
2        2
1       K1
 abcdefgh
Color = 1
EnPassant = 
; move = c5b6; score = 100; '


]]></system-out>
<system-err><![CDATA[Test case:
- name: test_exchanger/test/_2
- description: ''
- file: 
- line: 140727119335952
]]></system-err>
</testcase>
<testcase assertions="1" classname="test_exchanger.test" name="_3" time="0.000163">
<system-out><![CDATA[INFO:
- file   : test_exchanger.cpp
- line   : 84
- message: check exchanger::evaluate(node, move) == score has passed
- context:
  - 'node = 
 abcdefgh
8       k8
7p       7
6 p      6
5        5
4        4
3 Q      3
2 R      2
1       K1
 abcdefgh
Color = 1
EnPassant = 
; move = b3b6; score = -700; '


]]></system-out>
<system-err><![CDATA[Test case:
- name: test_exchanger/test/_3
- description: ''
- file: 
- line: 140727119335952
]]></system-err>
</testcase>
<testcase assertions="1" classname="test_exchanger.test" name="_4" time="0.000161">
<system-out><![CDATA[INFO:
- file   : test_exchanger.cpp
- line   : 84
- message: check exchanger::evaluate(node, move) == score has passed
- context:
  - 'node = 
 abcdefgh
8k       8
7        7
6     n  6
5   p    5
4        4
3  N  B  3
2        2
1K       1
 abcdefgh
Color = 1
EnPassant = 
; move = c3d5; score = 100; '


]]></system-out>
<system-err><![CDATA[Test case:
- name: test_exchanger/test/_4
- description: ''
- file: 
- line: 140727119335952
]]></system-err>
</testcase>
<testcase assertions="1" classname="test_exchanger.test" name="_5" time="0.00018">
<system-out><![CDATA[INFO:
- file   : test_exchanger.cpp
- line   : 84
- message: check exchanger::evaluate(node, move) == score has passed
- context:
  - 'node = 
 abcdefgh
8k       8
7        7
6     n  6
5   p    5
4        4
3  N  B  3
2        2
1K       1
 abcdefgh
Color = 1
EnPassant = 
; move = f3d5; score = 92; '


]]></system-out>
<system-err><![CDATA[Test case:
- name: test_exchanger/test/_5
- description: ''
- file: 
- line: 140727119335952
]]></system-err>
</testcase>
<testcase assertions="1" classname="test_exchanger.test" name="_6" time="0.000168">
<system-out><![CDATA[INFO:
- file   : test_exchanger.cpp
- line   : 84
- message: check exchanger::evaluate(node, move) == score has passed
- context:
  - 'node = 
 abcdefgh
8k       8
7        7
6        6
5   pRrRr5
4        4
3        3
2        2
1K       1
 abcdefgh
Color = 1
EnPassant = 
; move = e5d5; score = -400; '


]]></system-out>
<system-err><![CDATA[Test case:
- name: test_exchanger/test/_6
- description: ''
- file: 
- line: 140727119335952
]]></system-err>
</testcase>
<testcase assertions="1" classname="test_exchanger.test" name="_7" time="0.000161">
<system-out><![CDATA[INFO:
- file   : test_exchanger.cpp
- line   : 84
- message: check exchanger::evaluate(node, move) == score has passed
- context:
  - 'node = 
 abcdefgh
8k       8
7        7
6        6
5   pRrRr5
4        4
3        3
2        2
1K       1
 abcdefgh
Color = 1
EnPassant = 
; move = e5f5; score = 500; '


]]></system-out>
<system-err><![CDATA[Test case:
- name: test_exchanger/test/_7
- description: ''
- file: 
- line: 140727119335952
]]></system-err>
</testcase>
<testcase assertions="1" classname="test_exchanger.test" name="_8" time="0.000162">
<system-out><![CDATA[INFO:
- file   : test_exchanger.cpp
- line   : 84
- message: check exchanger::evaluate(node, move) == score has passed
- context:
  - 'node = 
 abcdefgh
8k       8
7        7
6        6
5   pRrRr5
4        4
3        3
2        2
1K       1
 abcdefgh
Color = 1
EnPassant = 
; move = g5f5; score = 500; '


]]></system-out>
<system-err><![CDATA[Test case:
- name: test_exchanger/test/_8
- description: ''
- file: 
- line: 140727119335952
]]></system-err>
</testcase>
<testcase assertions="1" classname="test_exchanger.test" name="_9" time="0.00016">
<system-out><![CDATA[INFO:
- file   : test_exchanger.cpp
- line   : 84
- message: check exchanger::evaluate(node, move) == score has passed
- context:
  - 'node = 
 abcdefgh
8k       8
7        7
6        6
5   pRrRr5
4        4
3        3
2        2
1K       1
 abcdefgh
Color = 1
EnPassant = 
; move = g5h5; score = 500; '


]]></system-out>
<system-err><![CDATA[Test case:
- name: test_exchanger/test/_9
- description: ''
- file: 
- line: 140727119335952
]]></system-err>
</testcase>
<testcase assertions="1" classname="test_exchanger.test" name="_10" time="0.00016">
<system-out><![CDATA[INFO:
- file   : test_exchanger.cpp
- line   : 84
- message: check exchanger::evaluate(node, move) == score has passed
- context:
  - 'node = 
 abcdefgh
8k       8
7       P7
6        6
5        5
4        4
3        3
2        2
1K       1
 abcdefgh
Color = 1
EnPassant = 
; move = h7h8; score = 800; '


]]></system-out>
<system-err><![CDATA[Test case:
- name: test_exchanger/test/_10
- description: ''
- file: 
- line: 140727119335952
]]></system-err>
</testcase>
<testcase assertions="1" classname="test_exchanger.test" name="_11" time="0.000161">
<system-out><![CDATA[INFO:
- file   : test_exchanger.cpp
- line   : 84
- message: check exchanger::evaluate(node, move) == score has passed
- context:
  - 'node = 
 abcdefgh
8k       8
7       P7
6        6
5        5
4        4
3        3
2        2
1K       1
 abcdefgh
Color = 1
EnPassant = 
; move = h7h8; score = 225; '


]]></system-out>
<system-err><![CDATA[Test case:
- name: test_exchanger/test/_11
- description: ''
- file: 
- line: 140727119335952
]]></system-err>
</testcase>
<testcase assertions="1" classname="test_exchanger.test" name="_12" time="0.000159">
<system-out><![CDATA[INFO:
- file   : test_exchanger.cpp
- line   : 84
- message: check exchanger::evaluate(node, move) == score has passed
- context:
  - 'node = 
 abcdefgh
8kr      8
7       P7
6        6
5        5
4        4
3        3
2        2
1K       1
 abcdefgh
Color = 1
EnPassant = 
; move = h7h8; score = -100; '


]]></system-out>
<system-err><![CDATA[Test case:
- name: test_exchanger/test/_12
- description: ''
- file: 
- line: 140727119335952
]]></system-err>
</testcase>
<testcase assertions="1" classname="test_exchanger.test" name="_13" time="0.000159">
<system-out><![CDATA[INFO:
- file   : test_exchanger.cpp
- line   : 84
- message: check exchanger::evaluate(node, move) == score has passed
- context:
  - 'node = 
 abcdefgh
8kr    r 8
7       P7
6        6
5        5
4        4
3        3
2        2
1K       1
 abcdefgh
Color = 1
EnPassant = 
; move = h7g8; score = 400; '


]]></system-out>
<system-err><![CDATA[Test case:
- name: test_exchanger/test/_13
- description: ''
- file: 
- line: 140727119335952
]]></system-err>
</testcase>
<testcase assertions="1" classname="test_searcher.test" name="_0" time="0.000329">
<system-out><![CDATA[INFO:
- file   : test_searcher.cpp
- line   : 56
- message: check search(node, 10) == score has passed
- context:
  - 'node = 
 abcdefgh
8k       8
7       R7
6        6
5        5
4        4
3        3
2        2
1 R     K1
 abcdefgh
Color = -1
EnPassant = 
; score = 0; '


]]></system-out>
<system-err><![CDATA[Test case:
- name: test_searcher/test/_0
- description: ''
- file: 
- line: 140727119335952
]]></system-err>
</testcase>
<testcase assertions="1" classname="test_searcher.test" name="_1" time="0.003482">
<system-out><![CDATA[INFO:
- file   : test_searcher.cpp
- line   : 56
- message: check search(node, 10) == score has passed
- context:
  - 'node = 
 abcdefgh
8k       8
7       R7
6        6
5        5
4        4
3        3
2        2
1 R     K1
 abcdefgh
Color = 1
EnPassant = 
; score = 29997; '


]]></system-out>
<system-err><![CDATA[Test case:
- name: test_searcher/test/_1
- description: ''
- file: 
- line: 140727119335952
]]></system-err>
</testcase>
<testcase assertions="1" classname="test_searcher.test" name="_2" time="0.004183">
<system-out><![CDATA[INFO:
- file   : test_searcher.cpp
- line   : 56
- message: check search(node, 10) == score has passed
- context:
  - 'node = 
 abcdefgh
8k       8
7       R7
6        6
5        5
4        4
3        3
2        2
1  R    K1
 abcdefgh
Color = -1
EnPassant = 
; score = -29996; '


]]></system-out>
<system-err><![CDATA[Test case:
- name: test_searcher/test/_2
- description: ''
- file: 
- line: 140727119335952
]]></system-err>
</testcase>
<testcase assertions="1" classname="test_searcher.test" name="_3" time="0.000272">
<system-out><![CDATA[INFO:
- file   : test_searcher.cpp
- line   : 56
- message: check search(node, 10) == score has passed
- context:
  - 'node = 
 abcdefgh
8k       8
7       R7
6        6
5        5
4        4
3        3
2        2
1  R    K1
 abcdefgh
Color = -1
EnPassant = 
; score = 0; '


]]></system-out>
<system-err><![CDATA[Test case:
- name: test_searcher/test/_3
- description: ''
- file: 
- line: 140727119335952
]]></system-err>
</testcase>
<testcase assertions="1" classname="test_searcher.test" name="_4" time="0.000212">
<system-out><![CDATA[INFO:
- file   : test_searcher.cpp
- line   : 56
- message: check search(node, 10) == score has passed
- context:
  - 'node = 
 abcdefgh
8  k     8
7pp  n  Q7
6        6
5P  p    5
4      q 4
3P p     3
2  P  P P2
1     R K1
 abcdefgh
Color = -1
EnPassant = 
; score = 0; '


]]></system-out>
<system-err><![CDATA[Test case:
- name: test_searcher/test/_4
- description: ''
- file: 
- line: 140727119335952
]]></system-err>
</testcase>
<testcase assertions="1" classname="test_hash" name="test_hash_disjoined" time="0.000842">
<system-out><![CDATA[INFO:
- file   : test_hash.cpp
- line   : 34
- message: check hashes.size() == 12 * 64 + 2 * 8 + 16 has passed

]]></system-out>
<system-err><![CDATA[Test case:
- name: test_hash/test_hash_disjoined
- description: ''
- file: test_hash.cpp
- line: 16
]]></system-err>
</testcase>
<testcase assertions="1" classname="test_hash" name="test_hash_zeroed" time="0.000203">
<system-out><![CDATA[INFO:
- file   : test_hash.cpp
- line   : 51
- message: check hashes.size() == 1 has passed

]]></system-out>
<system-err><![CDATA[Test case:
- name: test_hash/test_hash_zeroed
- description: ''
- file: test_hash.cpp
- line: 37
]]></system-err>
</testcase>
<testcase assertions="1" classname="test_move_generator.test_active.test" name="_0" time="0.000164">
<system-out><![CDATA[INFO:
- file   : test_move_generator.cpp
- line   : 80
- message: check std::is_permutation(generator.begin(), generator.end(), moves.begin(), moves.end()) has passed
- context:
  - 'node = 
 abcdefgh
8rnbqkbnr8
7pppppppp7
6        6
5        5
4        4
3        3
2PPPPPPPP2
1RNBQKBNR1
 abcdefgh
Color = 1
EnPassant = 
; moves = ; '


]]></system-out>
<system-err><![CDATA[Test case:
- name: test_move_generator/test_active/test/_0
- description: ''
- file: 
- line: 5566032
]]></system-err>
</testcase>
<testcase assertions="1" classname="test_move_generator.test_active.test" name="_1" time="0.000161">
<system-out><![CDATA[INFO:
- file   : test_move_generator.cpp
- line   : 80
- message: check std::is_permutation(generator.begin(), generator.end(), moves.begin(), moves.end()) has passed
- context:
  - 'node = 
 abcdefgh
8rnbqkbnr8
7pppppppp7
6        6
5        5
4    P   4
3        3
2PPPP PPP2
1RNBQKBNR1
 abcdefgh
Color = -1
EnPassant = e3
; moves = ; '


]]></system-out>
<system-err><![CDATA[Test case:
- name: test_move_generator/test_active/test/_1
- description: ''
- file: 
- line: 5566032
]]></system-err>
</testcase>
<testcase assertions="1" classname="test_move_generator.test_active.test" name="_2" time="0.000156">
<system-out><![CDATA[INFO:
- file   : test_move_generator.cpp
- line   : 80
- message: check std::is_permutation(generator.begin(), generator.end(), moves.begin(), moves.end()) has passed
- context:
  - 'node = 
 abcdefgh
8r   k  r8
7pppppppp7
6        6
5        5
4    P   4
3        3
2PPPP PPP2
1RNBQKBNR1
 abcdefgh
Color = -1
EnPassant = e3
; moves = ; '


]]></system-out>
<system-err><![CDATA[Test case:
- name: test_move_generator/test_active/test/_2
- description: ''
- file: 
- line: 5566032
]]></system-err>
</testcase>
<testcase assertions="1" classname="test_move_generator.test_active.test" name="_3" time="0.000163">
<system-out><![CDATA[INFO:
- file   : test_move_generator.cpp
- line   : 80
- message: check std::is_permutation(generator.begin(), generator.end(), moves.begin(), moves.end()) has passed
- context:
  - 'node = 
 abcdefgh
8rq  r k 8
7     pp 7
6p       6
5    bNP 5
4 p  P  P4
3     Q  3
2PP    K 2
1     R R1
 abcdefgh
Color = 1
EnPassant = 
; moves = ; '


]]></system-out>
<system-err><![CDATA[Test case:
- name: test_move_generator/test_active/test/_3
- description: ''
- file: 
- line: 5566032
]]></system-err>
</testcase>
<testcase assertions="1" classname="test_move_generator.test_active.test" name="_4" time="0.000185">
<system-out><![CDATA[INFO:
- file   : test_move_generator.cpp
- line   : 80
- message: check std::is_permutation(generator.begin(), generator.end(), moves.begin(), moves.end()) has passed
- context:
  - 'node = 
 abcdefgh
8        8
7        7
6        6
5        5
4        4
3   p p  3
2    P   2
1        1
 abcdefgh
Color = 1
EnPassant = 
; moves = ; '


]]></system-out>
<system-err><![CDATA[Test case:
- name: test_move_generator/test_active/test/_4
- description: ''
- file: 
- line: 5566032
]]></system-err>
</testcase>
<testcase assertions="1" classname="test_move_generator.test_active.test" name="_5" time="0.000159">
<system-out><![CDATA[INFO:
- file   : test_move_generator.cpp
- line   : 80
- message: check std::is_permutation(generator.begin(), generator.end(), moves.begin(), moves.end()) has passed
- context:
  - 'node = 
 abcdefgh
8        8
7        7
6        6
5        5
4        4
3   ppp  3
2    P   2
1        1
 abcdefgh
Color = 1
EnPassant = 
; moves = ; '


]]></system-out>
<system-err><![CDATA[Test case:
- name: test_move_generator/test_active/test/_5
- description: ''
- file: 
- line: 5566032
]]></system-err>
</testcase>
<testcase assertions="1" classname="test_move_generator.test_active.test" name="_6" time="0.000158">
<system-out><![CDATA[INFO:
- file   : test_move_generator.cpp
- line   : 80
- message: check std::is_permutation(generator.begin(), generator.end(), moves.begin(), moves.end()) has passed
- context:
  - 'node = 
 abcdefgh
8        8
7        7
6        6
5        5
4    p   4
3   p p  3
2    P   2
1        1
 abcdefgh
Color = 1
EnPassant = 
; moves = ; '


]]></system-out>
<system-err><![CDATA[Test case:
- name: test_move_generator/test_active/test/_6
- description: ''
- file: 
- line: 5566032
]]></system-err>
</testcase>
<testcase assertions="1" classname="test_move_generator.test_active.test" name="_7" time="0.00016">
<system-out><![CDATA[INFO:
- file   : test_move_generator.cpp
- line   : 80
- message: check std::is_permutation(generator.begin(), generator.end(), moves.begin(), moves.end()) has passed
- context:
  - 'node = 
 abcdefgh
8        8
7        7
6     p  6
5   pP   5
4        4
3        3
2        2
1        1
 abcdefgh
Color = 1
EnPassant = d6
; moves = ; '


]]></system-out>
<system-err><![CDATA[Test case:
- name: test_move_generator/test_active/test/_7
- description: ''
- file: 
- line: 5566032
]]></system-err>
</testcase>
<testcase assertions="1" classname="test_move_generator.test_active.test" name="_8" time="0.000157">
<system-out><![CDATA[INFO:
- file   : test_move_generator.cpp
- line   : 80
- message: check std::is_permutation(generator.begin(), generator.end(), moves.begin(), moves.end()) has passed
- context:
  - 'node = 
 abcdefgh
8        8
7        7
6    pp  6
5   pP   5
4        4
3        3
2        2
1        1
 abcdefgh
Color = 1
EnPassant = d6
; moves = ; '


]]></system-out>
<system-err><![CDATA[Test case:
- name: test_move_generator/test_active/test/_8
- description: ''
- file: 
- line: 5566032
]]></system-err>
</testcase>
<testcase assertions="1" classname="test_move_generator.test_active.test" name="_9" time="0.000349">
<system-out><![CDATA[INFO:
- file   : test_move_generator.cpp
- line   : 80
- message: check std::is_permutation(generator.begin(), generator.end(), moves.begin(), moves.end()) has passed
- context:
  - 'node = 
 abcdefgh
8   p p  8
7    P   7
6        6
5        5
4        4
3        3
2        2
1        1
 abcdefgh
Color = 1
EnPassant = 
; moves = ; '


]]></system-out>
<system-err><![CDATA[Test case:
- name: test_move_generator/test_active/test/_9
- description: ''
- file: 
- line: 5566032
]]></system-err>
</testcase>
<testcase assertions="1" classname="test_move_generator.test_active.test" name="_10" time="0.000174">
<system-out><![CDATA[INFO:
- file   : test_move_generator.cpp
- line   : 80
- message: check std::is_permutation(generator.begin(), generator.end(), moves.begin(), moves.end()) has passed
- context:
  - 'node = 
 abcdefgh
8   ppp  8
7    P   7
6        6
5        5
4        4
3        3
2        2
1        1
 abcdefgh
Color = 1
EnPassant = 
; moves = ; '


]]></system-out>
<system-err><![CDATA[Test case:
- name: test_move_generator/test_active/test/_10
- description: ''
- file: 
- line: 5566032
]]></system-err>
</testcase>
<testcase assertions="1" classname="test_move_generator.test_active.test" name="_11" time="0.000162">
<system-out><![CDATA[INFO:
- file   : test_move_generator.cpp
- line   : 80
- message: check std::is_permutation(generator.begin(), generator.end(), moves.begin(), moves.end()) has passed
- context:
  - 'node = 
 abcdefgh
8        8
7    p   7
6   P P  6
5        5
4        4
3        3
2        2
1        1
 abcdefgh
Color = -1
EnPassant = 
; moves = ; '


]]></system-out>
<system-err><![CDATA[Test case:
- name: test_move_generator/test_active/test/_11
- description: ''
- file: 
- line: 5566032
]]></system-err>
</testcase>
<testcase assertions="1" classname="test_move_generator.test_active.test" name="_12" time="0.000158">
<system-out><![CDATA[INFO:
- file   : test_move_generator.cpp
- line   : 80
- message: check std::is_permutation(generator.begin(), generator.end(), moves.begin(), moves.end()) has passed
- context:
  - 'node = 
 abcdefgh
8        8
7    p   7
6   PPP  6
5        5
4        4
3        3
2        2
1        1
 abcdefgh
Color = -1
EnPassant = 
; moves = ; '


]]></system-out>
<system-err><![CDATA[Test case:
- name: test_move_generator/test_active/test/_12
- description: ''
- file: 
- line: 5566032
]]></system-err>
</testcase>
<testcase assertions="1" classname="test_move_generator.test_active.test" name="_13" time="0.000159">
<system-out><![CDATA[INFO:
- file   : test_move_generator.cpp
- line   : 80
- message: check std::is_permutation(generator.begin(), generator.end(), moves.begin(), moves.end()) has passed
- context:
  - 'node = 
 abcdefgh
8        8
7    p   7
6   P P  6
5    P   5
4        4
3        3
2        2
1        1
 abcdefgh
Color = -1
EnPassant = 
; moves = ; '


]]></system-out>
<system-err><![CDATA[Test case:
- name: test_move_generator/test_active/test/_13
- description: ''
- file: 
- line: 5566032
]]></system-err>
</testcase>
<testcase assertions="1" classname="test_move_generator.test_active.test" name="_14" time="0.000159">
<system-out><![CDATA[INFO:
- file   : test_move_generator.cpp
- line   : 80
- message: check std::is_permutation(generator.begin(), generator.end(), moves.begin(), moves.end()) has passed
- context:
  - 'node = 
 abcdefgh
8        8
7        7
6        6
5        5
4   Pp   4
3     P  3
2        2
1        1
 abcdefgh
Color = -1
EnPassant = d3
; moves = ; '


]]></system-out>
<system-err><![CDATA[Test case:
- name: test_move_generator/test_active/test/_14
- description: ''
- file: 
- line: 5566032
]]></system-err>
</testcase>
<testcase assertions="1" classname="test_move_generator.test_all.test" name="_0" time="0.000194">
<system-out><![CDATA[INFO:
- file   : test_move_generator.cpp
- line   : 129
- message: check std::is_permutation(generator.begin(), generator.end(), moves.begin(), moves.end()) has passed
- context:
  - 'node = 
 abcdefgh
8rnbqkbnr8
7pppppppp7
6        6
5        5
4        4
3        3
2PPPPPPPP2
1RNBQKBNR1
 abcdefgh
Color = 1
EnPassant = 
; moves = ; '


]]></system-out>
<system-err><![CDATA[Test case:
- name: test_move_generator/test_all/test/_0
- description: ''
- file: 
- line: 5566032
]]></system-err>
</testcase>
<testcase assertions="1" classname="test_move_generator.test_all.test" name="_1" time="0.000191">
<system-out><![CDATA[INFO:
- file   : test_move_generator.cpp
- line   : 129
- message: check std::is_permutation(generator.begin(), generator.end(), moves.begin(), moves.end()) has passed
- context:
  - 'node = 
 abcdefgh
8rnbqkbnr8
7pppppppp7
6        6
5        5
4    P   4
3        3
2PPPP PPP2
1RNBQKBNR1
 abcdefgh
Color = -1
EnPassant = e3
; moves = ; '


]]></system-out>
<system-err><![CDATA[Test case:
- name: test_move_generator/test_all/test/_1
- description: ''
- file: 
- line: 5566032
]]></system-err>
</testcase>
<testcase assertions="1" classname="test_move_generator.test_all.test" name="_2" time="0.000194">
<system-out><![CDATA[INFO:
- file   : test_move_generator.cpp
- line   : 129
- message: check std::is_permutation(generator.begin(), generator.end(), moves.begin(), moves.end()) has passed
- context:
  - 'node = 
 abcdefgh
8r   k  r8
7pppppppp7
6        6
5        5
4    P   4
3        3
2PPPP PPP2
1RNBQKBNR1
 abcdefgh
Color = -1
EnPassant = e3
; moves = ; '


]]></system-out>
<system-err><![CDATA[Test case:
- name: test_move_generator/test_all/test/_2
- description: ''
- file: 
- line: 5566032
]]></system-err>
</testcase>
<testcase assertions="1" classname="test_move_generator.test_all.test" name="_3" time="0.000235">
<system-out><![CDATA[INFO:
- file   : test_move_generator.cpp
- line   : 129
- message: check std::is_permutation(generator.begin(), generator.end(), moves.begin(), moves.end()) has passed
- context:
  - 'node = 
 abcdefgh
8rq  r k 8
7     pp 7
6p       6
5    bNP 5
4 p  P  P4
3     Q  3
2PP    K 2
1     R R1
 abcdefgh
Color = 1
EnPassant = 
; moves = ; '


]]></system-out>
<system-err><![CDATA[Test case:
- name: test_move_generator/test_all/test/_3
- description: ''
- file: 
- line: 5566032
]]></system-err>
</testcase>
<testcase assertions="1" classname="test_move_generator.test_all.test" name="_4" time="0.000162">
<system-out><![CDATA[INFO:
- file   : test_move_generator.cpp
- line   : 129
- message: check std::is_permutation(generator.begin(), generator.end(), moves.begin(), moves.end()) has passed
- context:
  - 'node = 
 abcdefgh
8        8
7        7
6        6
5        5
4        4
3   p p  3
2    P   2
1        1
 abcdefgh
Color = 1
EnPassant = 
; moves = ; '


]]></system-out>
<system-err><![CDATA[Test case:
- name: test_move_generator/test_all/test/_4
- description: ''
- file: 
- line: 5566032
]]></system-err>
</testcase>
<testcase assertions="1" classname="test_move_generator.test_all.test" name="_5" time="0.000159">
<system-out><![CDATA[INFO:
- file   : test_move_generator.cpp
- line   : 129
- message: check std::is_permutation(generator.begin(), generator.end(), moves.begin(), moves.end()) has passed
- context:
  - 'node = 
 abcdefgh
8        8
7        7
6        6
5        5
4        4
3   ppp  3
2    P   2
1        1
 abcdefgh
Color = 1
EnPassant = 
; moves = ; '


]]></system-out>
<system-err><![CDATA[Test case:
- name: test_move_generator/test_all/test/_5
- description: ''
- file: 
- line: 5566032
]]></system-err>
</testcase>
<testcase assertions="1" classname="test_move_generator.test_all.test" name="_6" time="0.000158">
<system-out><![CDATA[INFO:
- file   : test_move_generator.cpp
- line   : 129
- message: check std::is_permutation(generator.begin(), generator.end(), moves.begin(), moves.end()) has passed
- context:
  - 'node = 
 abcdefgh
8        8
7        7
6        6
5        5
4    p   4
3   p p  3
2    P   2
1        1
 abcdefgh
Color = 1
EnPassant = 
; moves = ; '


]]></system-out>
<system-err><![CDATA[Test case:
- name: test_move_generator/test_all/test/_6
- description: ''
- file: 
- line: 5566032
]]></system-err>
</testcase>
<testcase assertions="1" classname="test_move_generator.test_all.test" name="_7" time="0.000165">
<system-out><![CDATA[INFO:
- file   : test_move_generator.cpp
- line   : 129
- message: check std::is_permutation(generator.begin(), generator.end(), moves.begin(), moves.end()) has passed
- context:
  - 'node = 
 abcdefgh
8        8
7        7
6     p  6
5   pP   5
4        4
3        3
2        2
1        1
 abcdefgh
Color = 1
EnPassant = d6
; moves = ; '


]]></system-out>
<system-err><![CDATA[Test case:
- name: test_move_generator/test_all/test/_7
- description: ''
- file: 
- line: 5566032
]]></system-err>
</testcase>
<testcase assertions="1" classname="test_move_generator.test_all.test" name="_8" time="0.000159">
<system-out><![CDATA[INFO:
- file   : test_move_generator.cpp
- line   : 129
- message: check std::is_permutation(generator.begin(), generator.end(), moves.begin(), moves.end()) has passed
- context:
  - 'node = 
 abcdefgh
8        8
7        7
6    pp  6
5   pP   5
4        4
3        3
2        2
1        1
 abcdefgh
Color = 1
EnPassant = d6
; moves = ; '


]]></system-out>
<system-err><![CDATA[Test case:
- name: test_move_generator/test_all/test/_8
- description: ''
- file: 
- line: 5566032
]]></system-err>
</testcase>
<testcase assertions="1" classname="test_move_generator.test_all.test" name="_9" time="0.000193">
<system-out><![CDATA[INFO:
- file   : test_move_generator.cpp
- line   : 129
- message: check std::is_permutation(generator.begin(), generator.end(), moves.begin(), moves.end()) has passed
- context:
  - 'node = 
 abcdefgh
8   p p  8
7    P   7
6        6
5        5
4        4
3        3
2        2
1        1
 abcdefgh
Color = 1
EnPassant = 
; moves = ; '


]]></system-out>
<system-err><![CDATA[Test case:
- name: test_move_generator/test_all/test/_9
- description: ''
- file: 
- line: 5566032
]]></system-err>
</testcase>
<testcase assertions="1" classname="test_move_generator.test_all.test" name="_10" time="0.000179">
<system-out><![CDATA[INFO:
- file   : test_move_generator.cpp
- line   : 129
- message: check std::is_permutation(generator.begin(), generator.end(), moves.begin(), moves.end()) has passed
- context:
  - 'node = 
 abcdefgh
8   ppp  8
7    P   7
6        6
5        5
4        4
3        3
2        2
1        1
 abcdefgh
Color = 1
EnPassant = 
; moves = ; '


]]></system-out>
<system-err><![CDATA[Test case:
- name: test_move_generator/test_all/test/_10
- description: ''
- file: 
- line: 5566032
]]></system-err>
</testcase>
<testcase assertions="1" classname="test_move_generator.test_all.test" name="_11" time="0.000194">
<system-out><![CDATA[INFO:
- file   : test_move_generator.cpp
- line   : 129
- message: check std::is_permutation(generator.begin(), generator.end(), moves.begin(), moves.end()) has passed
- context:
  - 'node = 
 abcdefgh
8        8
7    p   7
6   P P  6
5        5
4        4
3        3
2        2
1        1
 abcdefgh
Color = -1
EnPassant = 
; moves = ; '


]]></system-out>
<system-err><![CDATA[Test case:
- name: test_move_generator/test_all/test/_11
- description: ''
- file: 
- line: 5566032
]]></system-err>
</testcase>
<testcase assertions="1" classname="test_move_generator.test_all.test" name="_12" time="0.000158">
<system-out><![CDATA[INFO:
- file   : test_move_generator.cpp
- line   : 129
- message: check std::is_permutation(generator.begin(), generator.end(), moves.begin(), moves.end()) has passed
- context:
  - 'node = 
 abcdefgh
8        8
7    p   7
6   PPP  6
5        5
4        4
3        3
2        2
1        1
 abcdefgh
Color = -1
EnPassant = 
; moves = ; '


]]></system-out>
<system-err><![CDATA[Test case:
- name: test_move_generator/test_all/test/_12
- description: ''
- file: 
- line: 5566032
]]></system-err>
</testcase>
<testcase assertions="1" classname="test_move_generator.test_all.test" name="_13" time="0.000153">
<system-out><![CDATA[INFO:
- file   : test_move_generator.cpp
- line   : 129
- message: check std::is_permutation(generator.begin(), generator.end(), moves.begin(), moves.end()) has passed
- context:
  - 'node = 
 abcdefgh
8        8
7    p   7
6   P P  6
5    P   5
4        4
3        3
2        2
1        1
 abcdefgh
Color = -1
EnPassant = 
; moves = ; '


]]></system-out>
<system-err><![CDATA[Test case:
- name: test_move_generator/test_all/test/_13
- description: ''
- file: 
- line: 5566032
]]></system-err>
</testcase>
<testcase assertions="1" classname="test_move_generator.test_all.test" name="_14" time="0.000152">
<system-out><![CDATA[INFO:
- file   : test_move_generator.cpp
- line   : 129
- message: check std::is_permutation(generator.begin(), generator.end(), moves.begin(), moves.end()) has passed
- context:
  - 'node = 
 abcdefgh
8        8
7        7
6        6
5        5
4   Pp   4
3     P  3
2        2
1        1
 abcdefgh
Color = -1
EnPassant = d3
; moves = ; '


]]></system-out>
<system-err><![CDATA[Test case:
- name: test_move_generator/test_all/test/_14
- description: ''
- file: 
- line: 5566032
]]></system-err>
</testcase>
<testcase assertions="1" classname="test_node_creator.test_illegal.test" name="_0" time="0.000269">
<system-out><![CDATA[INFO:
- file   : test_node_creator.cpp
- line   : 46
- message: check 'exception "std::exception" raised as expected' has passed
- context:
  - 'fen = ; '


]]></system-out>
<system-err><![CDATA[Test case:
- name: test_node_creator/test_illegal/test/_0
- description: ''
- file: 
- line: 5546256
]]></system-err>
</testcase>
<testcase assertions="1" classname="test_node_creator.test_illegal.test" name="_1" time="0.000191">
<system-out><![CDATA[INFO:
- file   : test_node_creator.cpp
- line   : 46
- message: check 'exception "std::exception" raised as expected' has passed
- context:
  - 'fen = Xnbqkbnr/pppppppp/8/8/8/8/PPPPPPPP/RNBQKBNR w KQkq - 0 1; '


]]></system-out>
<system-err><![CDATA[Test case:
- name: test_node_creator/test_illegal/test/_1
- description: ''
- file: 
- line: 5546256
]]></system-err>
</testcase>
<testcase assertions="1" classname="test_node_creator.test_illegal.test" name="_2" time="0.000243">
<system-out><![CDATA[INFO:
- file   : test_node_creator.cpp
- line   : 46
- message: check 'exception "std::exception" raised as expected' has passed
- context:
  - 'fen = rnbqkbn/pppppppp/8/8/8/8/PPPPPPPP/RNBQKBNR w KQkq - 0 1; '


]]></system-out>
<system-err><![CDATA[Test case:
- name: test_node_creator/test_illegal/test/_2
- description: ''
- file: 
- line: 5546256
]]></system-err>
</testcase>
<testcase assertions="1" classname="test_node_creator.test_illegal.test" name="_3" time="0.000232">
<system-out><![CDATA[INFO:
- file   : test_node_creator.cpp
- line   : 46
- message: check 'exception "std::exception" raised as expected' has passed
- context:
  - 'fen = rnbqkbnrr/pppppppp/8/8/8/8/PPPPPPPP/RNBQKBNR w KQkq - 0 1; '


]]></system-out>
<system-err><![CDATA[Test case:
- name: test_node_creator/test_illegal/test/_3
- description: ''
- file: 
- line: 5546256
]]></system-err>
</testcase>
<testcase assertions="1" classname="test_node_creator.test_illegal.test" name="_4" time="0.000253">
<system-out><![CDATA[INFO:
- file   : test_node_creator.cpp
- line   : 46
- message: check 'exception "std::exception" raised as expected' has passed
- context:
  - 'fen = rnbqkbnr/pppppppp/8/7/8/8/PPPPPPPP/RNBQKBNR w KQkq - 0 1; '


]]></system-out>
<system-err><![CDATA[Test case:
- name: test_node_creator/test_illegal/test/_4
- description: ''
- file: 
- line: 5546256
]]></system-err>
</testcase>
<testcase assertions="1" classname="test_node_creator.test_illegal.test" name="_5" time="0.000254">
<system-out><![CDATA[INFO:
- file   : test_node_creator.cpp
- line   : 46
- message: check 'exception "std::exception" raised as expected' has passed
- context:
  - 'fen = rnbqkbnr/pppppppp/8/8/8/8/PPPPPPPP w KQkq - 0 1; '


]]></system-out>
<system-err><![CDATA[Test case:
- name: test_node_creator/test_illegal/test/_5
- description: ''
- file: 
- line: 5546256
]]></system-err>
</testcase>
<testcase assertions="1" classname="test_node_creator.test_illegal.test" name="_6" time="0.000243">
<system-out><![CDATA[INFO:
- file   : test_node_creator.cpp
- line   : 46
- message: check 'exception "std::exception" raised as expected' has passed
- context:
  - 'fen = rnbqkbnr/pppppppp/8/8/8/8/PPPPPPPP/RNBQKBNR X KQkq - 0 1; '


]]></system-out>
<system-err><![CDATA[Test case:
- name: test_node_creator/test_illegal/test/_6
- description: ''
- file: 
- line: 5546256
]]></system-err>
</testcase>
<testcase assertions="1" classname="test_node_creator.test_illegal.test" name="_7" time="0.000245">
<system-out><![CDATA[INFO:
- file   : test_node_creator.cpp
- line   : 46
- message: check 'exception "std::exception" raised as expected' has passed
- context:
  - 'fen = rnbqkbnr/pppppppp/8/8/8/8/PPPPPPPP/RNBQKBNR w X - 0 1; '


]]></system-out>
<system-err><![CDATA[Test case:
- name: test_node_creator/test_illegal/test/_7
- description: ''
- file: 
- line: 5546256
]]></system-err>
</testcase>
<testcase assertions="1" classname="test_node_creator.test_illegal.test" name="_8" time="0.000247">
<system-out><![CDATA[INFO:
- file   : test_node_creator.cpp
- line   : 46
- message: check 'exception "std::exception" raised as expected' has passed
- context:
  - 'fen = rnbqkbnr/pppppppp/8/8/8/8/PPPPPPPP/RNBQKBNR KQkq - 0 1; '


]]></system-out>
<system-err><![CDATA[Test case:
- name: test_node_creator/test_illegal/test/_8
- description: ''
- file: 
- line: 5546256
]]></system-err>
</testcase>
<testcase assertions="1" classname="test_node_creator.test_illegal.test" name="_9" time="0.000248">
<system-out><![CDATA[INFO:
- file   : test_node_creator.cpp
- line   : 46
- message: check 'exception "std::exception" raised as expected' has passed
- context:
  - 'fen = rnbqkbnr/pppppppp/8/8/8/8/PPPPPPPP/RNBQKBNR w - 0 1; '


]]></system-out>
<system-err><![CDATA[Test case:
- name: test_node_creator/test_illegal/test/_9
- description: ''
- file: 
- line: 5546256
]]></system-err>
</testcase>
<testcase assertions="1" classname="test_node_creator.test_illegal.test" name="_10" time="0.000256">
<system-out><![CDATA[INFO:
- file   : test_node_creator.cpp
- line   : 46
- message: check 'exception "std::exception" raised as expected' has passed
- context:
  - 'fen = rnbqkbnr/pppppppp/8/8/8/8/PPPPPPPP/RNBQKBNR w KQkq 0 1; '


]]></system-out>
<system-err><![CDATA[Test case:
- name: test_node_creator/test_illegal/test/_10
- description: ''
- file: 
- line: 5546256
]]></system-err>
</testcase>
<testcase assertions="1" classname="test_node_creator.test_illegal.test" name="_11" time="0.00026">
<system-out><![CDATA[INFO:
- file   : test_node_creator.cpp
- line   : 46
- message: check 'exception "std::exception" raised as expected' has passed
- context:
  - 'fen = rnbqkbnr/pppppppp/8/8/8/8/PPPPPPPP/RNBQKBNR w KQkq X 0 1; '


]]></system-out>
<system-err><![CDATA[Test case:
- name: test_node_creator/test_illegal/test/_11
- description: ''
- file: 
- line: 5546256
]]></system-err>
</testcase>
<testcase assertions="1" classname="test_node_creator.test_illegal.test" name="_12" time="0.000272">
<system-out><![CDATA[INFO:
- file   : test_node_creator.cpp
- line   : 46
- message: check 'exception "std::exception" raised as expected' has passed
- context:
  - 'fen = rnbqkbnr/pppppppp/8/8/8/8/PPPPPPPP/RNBQKBNR w KQkq d4 0 1; '


]]></system-out>
<system-err><![CDATA[Test case:
- name: test_node_creator/test_illegal/test/_12
- description: ''
- file: 
- line: 5546256
]]></system-err>
</testcase>
<testcase assertions="1" classname="test_node_creator.test_illegal.test" name="_13" time="0.000261">
<system-out><![CDATA[INFO:
- file   : test_node_creator.cpp
- line   : 46
- message: check 'exception "std::exception" raised as expected' has passed
- context:
  - 'fen = rnbqkbnr/pppppppp/8/8/8/8/PPPPPPPP/RNBQKBNR w KQkq e5 0 1; '


]]></system-out>
<system-err><![CDATA[Test case:
- name: test_node_creator/test_illegal/test/_13
- description: ''
- file: 
- line: 5546256
]]></system-err>
</testcase>
<testcase assertions="1" classname="test_node_creator.test_illegal.test" name="_14" time="0.000255">
<system-out><![CDATA[INFO:
- file   : test_node_creator.cpp
- line   : 46
- message: check 'exception "std::exception" raised as expected' has passed
- context:
  - 'fen = rnbqkbnr/pppppppp/8/8/8/8/PPPPPPPP/RNBQKBNR w KQkq - X 1; '


]]></system-out>
<system-err><![CDATA[Test case:
- name: test_node_creator/test_illegal/test/_14
- description: ''
- file: 
- line: 5546256
]]></system-err>
</testcase>
<testcase assertions="1" classname="test_node_creator.test_illegal.test" name="_15" time="0.000254">
<system-out><![CDATA[INFO:
- file   : test_node_creator.cpp
- line   : 46
- message: check 'exception "std::exception" raised as expected' has passed
- context:
  - 'fen = rnbqkbnr/pppppppp/8/8/8/8/PPPPPPPP/RNBQKBNR w KQkq - 1; '


]]></system-out>
<system-err><![CDATA[Test case:
- name: test_node_creator/test_illegal/test/_15
- description: ''
- file: 
- line: 5546256
]]></system-err>
</testcase>
<testcase assertions="1" classname="test_node_creator.test_illegal.test" name="_16" time="0.000253">
<system-out><![CDATA[INFO:
- file   : test_node_creator.cpp
- line   : 46
- message: check 'exception "std::exception" raised as expected' has passed
- context:
  - 'fen = rnbqkbnr/pppppppp/8/8/8/8/PPPPPPPP/RNBQKBNR w KQkq - 0 X; '


]]></system-out>
<system-err><![CDATA[Test case:
- name: test_node_creator/test_illegal/test/_16
- description: ''
- file: 
- line: 5546256
]]></system-err>
</testcase>
<testcase assertions="2" classname="test_node_creator.test_color.test" name="_0" time="0.000335">
<system-out><![CDATA[INFO:
- file   : test_node_creator.cpp
- line   : 60
- message: check 'no exceptions thrown by node = std::make_unique<node_t>((format % fen).str())' has passed
- context:
  - 'fen = w; color = 1; '


INFO:
- file   : test_node_creator.cpp
- line   : 61
- message: check node->color() == color has passed
- context:
  - 'fen = w; color = 1; '


]]></system-out>
<system-err><![CDATA[Test case:
- name: test_node_creator/test_color/test/_0
- description: ''
- file: 
- line: 5546256
]]></system-err>
</testcase>
<testcase assertions="2" classname="test_node_creator.test_color.test" name="_1" time="0.000298">
<system-out><![CDATA[INFO:
- file   : test_node_creator.cpp
- line   : 60
- message: check 'no exceptions thrown by node = std::make_unique<node_t>((format % fen).str())' has passed
- context:
  - 'fen = b; color = -1; '


INFO:
- file   : test_node_creator.cpp
- line   : 61
- message: check node->color() == color has passed
- context:
  - 'fen = b; color = -1; '


]]></system-out>
<system-err><![CDATA[Test case:
- name: test_node_creator/test_color/test/_1
- description: ''
- file: 
- line: 5546256
]]></system-err>
</testcase>
<testcase assertions="2" classname="test_node_creator.test_castle.test" name="_0" time="0.000303">
<system-out><![CDATA[INFO:
- file   : test_node_creator.cpp
- line   : 112
- message: check 'no exceptions thrown by node = std::make_unique<node_t>((format % fen).str())' has passed
- context:
  - 'fen = -; castle = 0; '


INFO:
- file   : test_node_creator.cpp
- line   : 113
- message: check node->castle() == castle has passed
- context:
  - 'fen = -; castle = 0; '


]]></system-out>
<system-err><![CDATA[Test case:
- name: test_node_creator/test_castle/test/_0
- description: ''
- file: 
- line: 5546256
]]></system-err>
</testcase>
<testcase assertions="2" classname="test_node_creator.test_castle.test" name="_1" time="0.0003">
<system-out><![CDATA[INFO:
- file   : test_node_creator.cpp
- line   : 112
- message: check 'no exceptions thrown by node = std::make_unique<node_t>((format % fen).str())' has passed
- context:
  - 'fen = KQkq; castle = 0xf; '


INFO:
- file   : test_node_creator.cpp
- line   : 113
- message: check node->castle() == castle has passed
- context:
  - 'fen = KQkq; castle = 0xf; '


]]></system-out>
<system-err><![CDATA[Test case:
- name: test_node_creator/test_castle/test/_1
- description: ''
- file: 
- line: 5546256
]]></system-err>
</testcase>
<testcase assertions="2" classname="test_node_creator.test_castle.test" name="_2" time="0.000295">
<system-out><![CDATA[INFO:
- file   : test_node_creator.cpp
- line   : 112
- message: check 'no exceptions thrown by node = std::make_unique<node_t>((format % fen).str())' has passed
- context:
  - 'fen = KQk; castle = 0x7; '


INFO:
- file   : test_node_creator.cpp
- line   : 113
- message: check node->castle() == castle has passed
- context:
  - 'fen = KQk; castle = 0x7; '


]]></system-out>
<system-err><![CDATA[Test case:
- name: test_node_creator/test_castle/test/_2
- description: ''
- file: 
- line: 5546256
]]></system-err>
</testcase>
<testcase assertions="2" classname="test_node_creator.test_castle.test" name="_3" time="0.000303">
<system-out><![CDATA[INFO:
- file   : test_node_creator.cpp
- line   : 112
- message: check 'no exceptions thrown by node = std::make_unique<node_t>((format % fen).str())' has passed
- context:
  - 'fen = KQq; castle = 0xb; '


INFO:
- file   : test_node_creator.cpp
- line   : 113
- message: check node->castle() == castle has passed
- context:
  - 'fen = KQq; castle = 0xb; '


]]></system-out>
<system-err><![CDATA[Test case:
- name: test_node_creator/test_castle/test/_3
- description: ''
- file: 
- line: 5546256
]]></system-err>
</testcase>
<testcase assertions="2" classname="test_node_creator.test_castle.test" name="_4" time="0.000313">
<system-out><![CDATA[INFO:
- file   : test_node_creator.cpp
- line   : 112
- message: check 'no exceptions thrown by node = std::make_unique<node_t>((format % fen).str())' has passed
- context:
  - 'fen = KQ; castle = 0x3; '


INFO:
- file   : test_node_creator.cpp
- line   : 113
- message: check node->castle() == castle has passed
- context:
  - 'fen = KQ; castle = 0x3; '


]]></system-out>
<system-err><![CDATA[Test case:
- name: test_node_creator/test_castle/test/_4
- description: ''
- file: 
- line: 5546256
]]></system-err>
</testcase>
<testcase assertions="2" classname="test_node_creator.test_castle.test" name="_5" time="0.000297">
<system-out><![CDATA[INFO:
- file   : test_node_creator.cpp
- line   : 112
- message: check 'no exceptions thrown by node = std::make_unique<node_t>((format % fen).str())' has passed
- context:
  - 'fen = Kkq; castle = 0xd; '


INFO:
- file   : test_node_creator.cpp
- line   : 113
- message: check node->castle() == castle has passed
- context:
  - 'fen = Kkq; castle = 0xd; '


]]></system-out>
<system-err><![CDATA[Test case:
- name: test_node_creator/test_castle/test/_5
- description: ''
- file: 
- line: 5546256
]]></system-err>
</testcase>
<testcase assertions="2" classname="test_node_creator.test_castle.test" name="_6" time="0.000298">
<system-out><![CDATA[INFO:
- file   : test_node_creator.cpp
- line   : 112
- message: check 'no exceptions thrown by node = std::make_unique<node_t>((format % fen).str())' has passed
- context:
  - 'fen = Kk; castle = 0x5; '


INFO:
- file   : test_node_creator.cpp
- line   : 113
- message: check node->castle() == castle has passed
- context:
  - 'fen = Kk; castle = 0x5; '


]]></system-out>
<system-err><![CDATA[Test case:
- name: test_node_creator/test_castle/test/_6
- description: ''
- file: 
- line: 5546256
]]></system-err>
</testcase>
<testcase assertions="2" classname="test_node_creator.test_castle.test" name="_7" time="0.00029">
<system-out><![CDATA[INFO:
- file   : test_node_creator.cpp
- line   : 112
- message: check 'no exceptions thrown by node = std::make_unique<node_t>((format % fen).str())' has passed
- context:
  - 'fen = Kq; castle = 0x9; '


INFO:
- file   : test_node_creator.cpp
- line   : 113
- message: check node->castle() == castle has passed
- context:
  - 'fen = Kq; castle = 0x9; '


]]></system-out>
<system-err><![CDATA[Test case:
- name: test_node_creator/test_castle/test/_7
- description: ''
- file: 
- line: 5546256
]]></system-err>
</testcase>
<testcase assertions="2" classname="test_node_creator.test_castle.test" name="_8" time="0.000291">
<system-out><![CDATA[INFO:
- file   : test_node_creator.cpp
- line   : 112
- message: check 'no exceptions thrown by node = std::make_unique<node_t>((format % fen).str())' has passed
- context:
  - 'fen = K; castle = 0x1; '


INFO:
- file   : test_node_creator.cpp
- line   : 113
- message: check node->castle() == castle has passed
- context:
  - 'fen = K; castle = 0x1; '


]]></system-out>
<system-err><![CDATA[Test case:
- name: test_node_creator/test_castle/test/_8
- description: ''
- file: 
- line: 5546256
]]></system-err>
</testcase>
<testcase assertions="2" classname="test_node_creator.test_castle.test" name="_9" time="0.000296">
<system-out><![CDATA[INFO:
- file   : test_node_creator.cpp
- line   : 112
- message: check 'no exceptions thrown by node = std::make_unique<node_t>((format % fen).str())' has passed
- context:
  - 'fen = Qkq; castle = 0xe; '


INFO:
- file   : test_node_creator.cpp
- line   : 113
- message: check node->castle() == castle has passed
- context:
  - 'fen = Qkq; castle = 0xe; '


]]></system-out>
<system-err><![CDATA[Test case:
- name: test_node_creator/test_castle/test/_9
- description: ''
- file: 
- line: 5546256
]]></system-err>
</testcase>
<testcase assertions="2" classname="test_node_creator.test_castle.test" name="_10" time="0.00029">
<system-out><![CDATA[INFO:
- file   : test_node_creator.cpp
- line   : 112
- message: check 'no exceptions thrown by node = std::make_unique<node_t>((format % fen).str())' has passed
- context:
  - 'fen = Qk; castle = 0x6; '


INFO:
- file   : test_node_creator.cpp
- line   : 113
- message: check node->castle() == castle has passed
- context:
  - 'fen = Qk; castle = 0x6; '


]]></system-out>
<system-err><![CDATA[Test case:
- name: test_node_creator/test_castle/test/_10
- description: ''
- file: 
- line: 5546256
]]></system-err>
</testcase>
<testcase assertions="2" classname="test_node_creator.test_castle.test" name="_11" time="0.000291">
<system-out><![CDATA[INFO:
- file   : test_node_creator.cpp
- line   : 112
- message: check 'no exceptions thrown by node = std::make_unique<node_t>((format % fen).str())' has passed
- context:
  - 'fen = Qq; castle = 0xa; '


INFO:
- file   : test_node_creator.cpp
- line   : 113
- message: check node->castle() == castle has passed
- context:
  - 'fen = Qq; castle = 0xa; '


]]></system-out>
<system-err><![CDATA[Test case:
- name: test_node_creator/test_castle/test/_11
- description: ''
- file: 
- line: 5546256
]]></system-err>
</testcase>
<testcase assertions="2" classname="test_node_creator.test_castle.test" name="_12" time="0.000293">
<system-out><![CDATA[INFO:
- file   : test_node_creator.cpp
- line   : 112
- message: check 'no exceptions thrown by node = std::make_unique<node_t>((format % fen).str())' has passed
- context:
  - 'fen = Q; castle = 0x2; '


INFO:
- file   : test_node_creator.cpp
- line   : 113
- message: check node->castle() == castle has passed
- context:
  - 'fen = Q; castle = 0x2; '


]]></system-out>
<system-err><![CDATA[Test case:
- name: test_node_creator/test_castle/test/_12
- description: ''
- file: 
- line: 5546256
]]></system-err>
</testcase>
<testcase assertions="2" classname="test_node_creator.test_castle.test" name="_13" time="0.000291">
<system-out><![CDATA[INFO:
- file   : test_node_creator.cpp
- line   : 112
- message: check 'no exceptions thrown by node = std::make_unique<node_t>((format % fen).str())' has passed
- context:
  - 'fen = kq; castle = 0xc; '


INFO:
- file   : test_node_creator.cpp
- line   : 113
- message: check node->castle() == castle has passed
- context:
  - 'fen = kq; castle = 0xc; '


]]></system-out>
<system-err><![CDATA[Test case:
- name: test_node_creator/test_castle/test/_13
- description: ''
- file: 
- line: 5546256
]]></system-err>
</testcase>
<testcase assertions="2" classname="test_node_creator.test_castle.test" name="_14" time="0.00029">
<system-out><![CDATA[INFO:
- file   : test_node_creator.cpp
- line   : 112
- message: check 'no exceptions thrown by node = std::make_unique<node_t>((format % fen).str())' has passed
- context:
  - 'fen = k; castle = 0x4; '


INFO:
- file   : test_node_creator.cpp
- line   : 113
- message: check node->castle() == castle has passed
- context:
  - 'fen = k; castle = 0x4; '


]]></system-out>
<system-err><![CDATA[Test case:
- name: test_node_creator/test_castle/test/_14
- description: ''
- file: 
- line: 5546256
]]></system-err>
</testcase>
<testcase assertions="2" classname="test_node_creator.test_castle.test" name="_15" time="0.000295">
<system-out><![CDATA[INFO:
- file   : test_node_creator.cpp
- line   : 112
- message: check 'no exceptions thrown by node = std::make_unique<node_t>((format % fen).str())' has passed
- context:
  - 'fen = q; castle = 0x8; '


INFO:
- file   : test_node_creator.cpp
- line   : 113
- message: check node->castle() == castle has passed
- context:
  - 'fen = q; castle = 0x8; '


]]></system-out>
<system-err><![CDATA[Test case:
- name: test_node_creator/test_castle/test/_15
- description: ''
- file: 
- line: 5546256
]]></system-err>
</testcase>
<testcase assertions="2" classname="test_node_creator.test_en_passent.test" name="_0" time="0.000298">
<system-out><![CDATA[INFO:
- file   : test_node_creator.cpp
- line   : 136
- message: check 'no exceptions thrown by node = std::make_unique<node_t>((format % fen).str())' has passed
- context:
  - 'fen = a3; square = 16; '


INFO:
- file   : test_node_creator.cpp
- line   : 137
- message: check node->en_passant() == square has passed
- context:
  - 'fen = a3; square = 16; '


]]></system-out>
<system-err><![CDATA[Test case:
- name: test_node_creator/test_en_passent/test/_0
- description: ''
- file: 
- line: 5546256
]]></system-err>
</testcase>
<testcase assertions="2" classname="test_node_creator.test_en_passent.test" name="_1" time="0.000317">
<system-out><![CDATA[INFO:
- file   : test_node_creator.cpp
- line   : 136
- message: check 'no exceptions thrown by node = std::make_unique<node_t>((format % fen).str())' has passed
- context:
  - 'fen = b3; square = 17; '


INFO:
- file   : test_node_creator.cpp
- line   : 137
- message: check node->en_passant() == square has passed
- context:
  - 'fen = b3; square = 17; '


]]></system-out>
<system-err><![CDATA[Test case:
- name: test_node_creator/test_en_passent/test/_1
- description: ''
- file: 
- line: 5546256
]]></system-err>
</testcase>
<testcase assertions="2" classname="test_node_creator.test_en_passent.test" name="_2" time="0.000305">
<system-out><![CDATA[INFO:
- file   : test_node_creator.cpp
- line   : 136
- message: check 'no exceptions thrown by node = std::make_unique<node_t>((format % fen).str())' has passed
- context:
  - 'fen = c3; square = 18; '


INFO:
- file   : test_node_creator.cpp
- line   : 137
- message: check node->en_passant() == square has passed
- context:
  - 'fen = c3; square = 18; '


]]></system-out>
<system-err><![CDATA[Test case:
- name: test_node_creator/test_en_passent/test/_2
- description: ''
- file: 
- line: 5546256
]]></system-err>
</testcase>
<testcase assertions="2" classname="test_node_creator.test_en_passent.test" name="_3" time="0.000281">
<system-out><![CDATA[INFO:
- file   : test_node_creator.cpp
- line   : 136
- message: check 'no exceptions thrown by node = std::make_unique<node_t>((format % fen).str())' has passed
- context:
  - 'fen = d3; square = 19; '


INFO:
- file   : test_node_creator.cpp
- line   : 137
- message: check node->en_passant() == square has passed
- context:
  - 'fen = d3; square = 19; '


]]></system-out>
<system-err><![CDATA[Test case:
- name: test_node_creator/test_en_passent/test/_3
- description: ''
- file: 
- line: 5546256
]]></system-err>
</testcase>
<testcase assertions="2" classname="test_node_creator.test_en_passent.test" name="_4" time="0.000452">
<system-out><![CDATA[INFO:
- file   : test_node_creator.cpp
- line   : 136
- message: check 'no exceptions thrown by node = std::make_unique<node_t>((format % fen).str())' has passed
- context:
  - 'fen = e3; square = 20; '


INFO:
- file   : test_node_creator.cpp
- line   : 137
- message: check node->en_passant() == square has passed
- context:
  - 'fen = e3; square = 20; '


]]></system-out>
<system-err><![CDATA[Test case:
- name: test_node_creator/test_en_passent/test/_4
- description: ''
- file: 
- line: 5546256
]]></system-err>
</testcase>
<testcase assertions="2" classname="test_node_creator.test_en_passent.test" name="_5" time="0.000291">
<system-out><![CDATA[INFO:
- file   : test_node_creator.cpp
- line   : 136
- message: check 'no exceptions thrown by node = std::make_unique<node_t>((format % fen).str())' has passed
- context:
  - 'fen = f3; square = 21; '


INFO:
- file   : test_node_creator.cpp
- line   : 137
- message: check node->en_passant() == square has passed
- context:
  - 'fen = f3; square = 21; '


]]></system-out>
<system-err><![CDATA[Test case:
- name: test_node_creator/test_en_passent/test/_5
- description: ''
- file: 
- line: 5546256
]]></system-err>
</testcase>
<testcase assertions="2" classname="test_node_creator.test_en_passent.test" name="_6" time="0.00028">
<system-out><![CDATA[INFO:
- file   : test_node_creator.cpp
- line   : 136
- message: check 'no exceptions thrown by node = std::make_unique<node_t>((format % fen).str())' has passed
- context:
  - 'fen = g3; square = 22; '


INFO:
- file   : test_node_creator.cpp
- line   : 137
- message: check node->en_passant() == square has passed
- context:
  - 'fen = g3; square = 22; '


]]></system-out>
<system-err><![CDATA[Test case:
- name: test_node_creator/test_en_passent/test/_6
- description: ''
- file: 
- line: 5546256
]]></system-err>
</testcase>
<testcase assertions="2" classname="test_node_creator.test_en_passent.test" name="_7" time="0.000279">
<system-out><![CDATA[INFO:
- file   : test_node_creator.cpp
- line   : 136
- message: check 'no exceptions thrown by node = std::make_unique<node_t>((format % fen).str())' has passed
- context:
  - 'fen = h3; square = 23; '


INFO:
- file   : test_node_creator.cpp
- line   : 137
- message: check node->en_passant() == square has passed
- context:
  - 'fen = h3; square = 23; '


]]></system-out>
<system-err><![CDATA[Test case:
- name: test_node_creator/test_en_passent/test/_7
- description: ''
- file: 
- line: 5546256
]]></system-err>
</testcase>
<testcase assertions="2" classname="test_node_creator.test_en_passent.test" name="_8" time="0.000283">
<system-out><![CDATA[INFO:
- file   : test_node_creator.cpp
- line   : 136
- message: check 'no exceptions thrown by node = std::make_unique<node_t>((format % fen).str())' has passed
- context:
  - 'fen = a6; square = 40; '


INFO:
- file   : test_node_creator.cpp
- line   : 137
- message: check node->en_passant() == square has passed
- context:
  - 'fen = a6; square = 40; '


]]></system-out>
<system-err><![CDATA[Test case:
- name: test_node_creator/test_en_passent/test/_8
- description: ''
- file: 
- line: 5546256
]]></system-err>
</testcase>
<testcase assertions="2" classname="test_node_creator.test_en_passent.test" name="_9" time="0.00028">
<system-out><![CDATA[INFO:
- file   : test_node_creator.cpp
- line   : 136
- message: check 'no exceptions thrown by node = std::make_unique<node_t>((format % fen).str())' has passed
- context:
  - 'fen = b6; square = 41; '


INFO:
- file   : test_node_creator.cpp
- line   : 137
- message: check node->en_passant() == square has passed
- context:
  - 'fen = b6; square = 41; '


]]></system-out>
<system-err><![CDATA[Test case:
- name: test_node_creator/test_en_passent/test/_9
- description: ''
- file: 
- line: 5546256
]]></system-err>
</testcase>
<testcase assertions="2" classname="test_node_creator.test_en_passent.test" name="_10" time="0.000278">
<system-out><![CDATA[INFO:
- file   : test_node_creator.cpp
- line   : 136
- message: check 'no exceptions thrown by node = std::make_unique<node_t>((format % fen).str())' has passed
- context:
  - 'fen = c6; square = 42; '


INFO:
- file   : test_node_creator.cpp
- line   : 137
- message: check node->en_passant() == square has passed
- context:
  - 'fen = c6; square = 42; '


]]></system-out>
<system-err><![CDATA[Test case:
- name: test_node_creator/test_en_passent/test/_10
- description: ''
- file: 
- line: 5546256
]]></system-err>
</testcase>
<testcase assertions="2" classname="test_node_creator.test_en_passent.test" name="_11" time="0.000284">
<system-out><![CDATA[INFO:
- file   : test_node_creator.cpp
- line   : 136
- message: check 'no exceptions thrown by node = std::make_unique<node_t>((format % fen).str())' has passed
- context:
  - 'fen = d6; square = 43; '


INFO:
- file   : test_node_creator.cpp
- line   : 137
- message: check node->en_passant() == square has passed
- context:
  - 'fen = d6; square = 43; '


]]></system-out>
<system-err><![CDATA[Test case:
- name: test_node_creator/test_en_passent/test/_11
- description: ''
- file: 
- line: 5546256
]]></system-err>
</testcase>
<testcase assertions="2" classname="test_node_creator.test_en_passent.test" name="_12" time="0.000279">
<system-out><![CDATA[INFO:
- file   : test_node_creator.cpp
- line   : 136
- message: check 'no exceptions thrown by node = std::make_unique<node_t>((format % fen).str())' has passed
- context:
  - 'fen = e6; square = 44; '


INFO:
- file   : test_node_creator.cpp
- line   : 137
- message: check node->en_passant() == square has passed
- context:
  - 'fen = e6; square = 44; '


]]></system-out>
<system-err><![CDATA[Test case:
- name: test_node_creator/test_en_passent/test/_12
- description: ''
- file: 
- line: 5546256
]]></system-err>
</testcase>
<testcase assertions="2" classname="test_node_creator.test_en_passent.test" name="_13" time="0.000277">
<system-out><![CDATA[INFO:
- file   : test_node_creator.cpp
- line   : 136
- message: check 'no exceptions thrown by node = std::make_unique<node_t>((format % fen).str())' has passed
- context:
  - 'fen = f6; square = 45; '


INFO:
- file   : test_node_creator.cpp
- line   : 137
- message: check node->en_passant() == square has passed
- context:
  - 'fen = f6; square = 45; '


]]></system-out>
<system-err><![CDATA[Test case:
- name: test_node_creator/test_en_passent/test/_13
- description: ''
- file: 
- line: 5546256
]]></system-err>
</testcase>
<testcase assertions="2" classname="test_node_creator.test_en_passent.test" name="_14" time="0.000316">
<system-out><![CDATA[INFO:
- file   : test_node_creator.cpp
- line   : 136
- message: check 'no exceptions thrown by node = std::make_unique<node_t>((format % fen).str())' has passed
- context:
  - 'fen = g6; square = 46; '


INFO:
- file   : test_node_creator.cpp
- line   : 137
- message: check node->en_passant() == square has passed
- context:
  - 'fen = g6; square = 46; '


]]></system-out>
<system-err><![CDATA[Test case:
- name: test_node_creator/test_en_passent/test/_14
- description: ''
- file: 
- line: 5546256
]]></system-err>
</testcase>
<testcase assertions="2" classname="test_node_creator.test_en_passent.test" name="_15" time="0.000281">
<system-out><![CDATA[INFO:
- file   : test_node_creator.cpp
- line   : 136
- message: check 'no exceptions thrown by node = std::make_unique<node_t>((format % fen).str())' has passed
- context:
  - 'fen = h6; square = 47; '


INFO:
- file   : test_node_creator.cpp
- line   : 137
- message: check node->en_passant() == square has passed
- context:
  - 'fen = h6; square = 47; '


]]></system-out>
<system-err><![CDATA[Test case:
- name: test_node_creator/test_en_passent/test/_15
- description: ''
- file: 
- line: 5546256
]]></system-err>
</testcase>
<testcase assertions="3" classname="test_node_creator.test_count.test" name="_0" time="0.000327">
<system-out><![CDATA[INFO:
- file   : test_node_creator.cpp
- line   : 148
- message: check 'no exceptions thrown by node = std::make_unique<node_t>((format % count % count).str())' has passed
- context:
  - 'count = 1; '


INFO:
- file   : test_node_creator.cpp
- line   : 149
- message: check node->half_moves() == count has passed
- context:
  - 'count = 1; '


INFO:
- file   : test_node_creator.cpp
- line   : 150
- message: check node->full_moves() == count has passed
- context:
  - 'count = 1; '


]]></system-out>
<system-err><![CDATA[Test case:
- name: test_node_creator/test_count/test/_0
- description: ''
- file: 
- line: 5546256
]]></system-err>
</testcase>
<testcase assertions="3" classname="test_node_creator.test_count.test" name="_1" time="0.000316">
<system-out><![CDATA[INFO:
- file   : test_node_creator.cpp
- line   : 148
- message: check 'no exceptions thrown by node = std::make_unique<node_t>((format % count % count).str())' has passed
- context:
  - 'count = 2; '


INFO:
- file   : test_node_creator.cpp
- line   : 149
- message: check node->half_moves() == count has passed
- context:
  - 'count = 2; '


INFO:
- file   : test_node_creator.cpp
- line   : 150
- message: check node->full_moves() == count has passed
- context:
  - 'count = 2; '


]]></system-out>
<system-err><![CDATA[Test case:
- name: test_node_creator/test_count/test/_1
- description: ''
- file: 
- line: 5546256
]]></system-err>
</testcase>
<testcase assertions="3" classname="test_node_creator.test_count.test" name="_2" time="0.000319">
<system-out><![CDATA[INFO:
- file   : test_node_creator.cpp
- line   : 148
- message: check 'no exceptions thrown by node = std::make_unique<node_t>((format % count % count).str())' has passed
- context:
  - 'count = 3; '


INFO:
- file   : test_node_creator.cpp
- line   : 149
- message: check node->half_moves() == count has passed
- context:
  - 'count = 3; '


INFO:
- file   : test_node_creator.cpp
- line   : 150
- message: check node->full_moves() == count has passed
- context:
  - 'count = 3; '


]]></system-out>
<system-err><![CDATA[Test case:
- name: test_node_creator/test_count/test/_2
- description: ''
- file: 
- line: 5546256
]]></system-err>
</testcase>
<testcase assertions="3" classname="test_node_creator.test_count.test" name="_3" time="0.000313">
<system-out><![CDATA[INFO:
- file   : test_node_creator.cpp
- line   : 148
- message: check 'no exceptions thrown by node = std::make_unique<node_t>((format % count % count).str())' has passed
- context:
  - 'count = 4; '


INFO:
- file   : test_node_creator.cpp
- line   : 149
- message: check node->half_moves() == count has passed
- context:
  - 'count = 4; '


INFO:
- file   : test_node_creator.cpp
- line   : 150
- message: check node->full_moves() == count has passed
- context:
  - 'count = 4; '


]]></system-out>
<system-err><![CDATA[Test case:
- name: test_node_creator/test_count/test/_3
- description: ''
- file: 
- line: 5546256
]]></system-err>
</testcase>
<testcase assertions="3" classname="test_node_creator.test_count.test" name="_4" time="0.00032">
<system-out><![CDATA[INFO:
- file   : test_node_creator.cpp
- line   : 148
- message: check 'no exceptions thrown by node = std::make_unique<node_t>((format % count % count).str())' has passed
- context:
  - 'count = 5; '


INFO:
- file   : test_node_creator.cpp
- line   : 149
- message: check node->half_moves() == count has passed
- context:
  - 'count = 5; '


INFO:
- file   : test_node_creator.cpp
- line   : 150
- message: check node->full_moves() == count has passed
- context:
  - 'count = 5; '


]]></system-out>
<system-err><![CDATA[Test case:
- name: test_node_creator/test_count/test/_4
- description: ''
- file: 
- line: 5546256
]]></system-err>
</testcase>
<testcase assertions="3" classname="test_node_creator.test_count.test" name="_5" time="0.000312">
<system-out><![CDATA[INFO:
- file   : test_node_creator.cpp
- line   : 148
- message: check 'no exceptions thrown by node = std::make_unique<node_t>((format % count % count).str())' has passed
- context:
  - 'count = 6; '


INFO:
- file   : test_node_creator.cpp
- line   : 149
- message: check node->half_moves() == count has passed
- context:
  - 'count = 6; '


INFO:
- file   : test_node_creator.cpp
- line   : 150
- message: check node->full_moves() == count has passed
- context:
  - 'count = 6; '


]]></system-out>
<system-err><![CDATA[Test case:
- name: test_node_creator/test_count/test/_5
- description: ''
- file: 
- line: 5546256
]]></system-err>
</testcase>
<testcase assertions="3" classname="test_node_creator.test_count.test" name="_6" time="0.000317">
<system-out><![CDATA[INFO:
- file   : test_node_creator.cpp
- line   : 148
- message: check 'no exceptions thrown by node = std::make_unique<node_t>((format % count % count).str())' has passed
- context:
  - 'count = 7; '


INFO:
- file   : test_node_creator.cpp
- line   : 149
- message: check node->half_moves() == count has passed
- context:
  - 'count = 7; '


INFO:
- file   : test_node_creator.cpp
- line   : 150
- message: check node->full_moves() == count has passed
- context:
  - 'count = 7; '


]]></system-out>
<system-err><![CDATA[Test case:
- name: test_node_creator/test_count/test/_6
- description: ''
- file: 
- line: 5546256
]]></system-err>
</testcase>
<testcase assertions="3" classname="test_node_creator.test_count.test" name="_7" time="0.000314">
<system-out><![CDATA[INFO:
- file   : test_node_creator.cpp
- line   : 148
- message: check 'no exceptions thrown by node = std::make_unique<node_t>((format % count % count).str())' has passed
- context:
  - 'count = 8; '


INFO:
- file   : test_node_creator.cpp
- line   : 149
- message: check node->half_moves() == count has passed
- context:
  - 'count = 8; '


INFO:
- file   : test_node_creator.cpp
- line   : 150
- message: check node->full_moves() == count has passed
- context:
  - 'count = 8; '


]]></system-out>
<system-err><![CDATA[Test case:
- name: test_node_creator/test_count/test/_7
- description: ''
- file: 
- line: 5546256
]]></system-err>
</testcase>
<testcase assertions="0" classname="test_board.test_bsf.test" name="_0" time="0.0001">
<system-out><![CDATA[MESSAGE:
- file   : boost.test framework
- line   : 206
- message: Test case test_board/test_bsf/test/_0 did not check any assertions

]]></system-out>
<system-err><![CDATA[Test case:
- name: test_board/test_bsf/test/_0
- description: ''
- file: 
- line: 140727119335880
]]></system-err>
</testcase>
<testcase assertions="1" classname="test_board.test_bsf.test" name="_1" time="0.00014">
<system-out><![CDATA[INFO:
- file   : test_board.cpp
- line   : 61
- message: check bit == *square++ has passed
- context:
  - 'board = 1; squares = ; '


]]></system-out>
<system-err><![CDATA[Test case:
- name: test_board/test_bsf/test/_1
- description: ''
- file: 
- line: 140727119335880
]]></system-err>
</testcase>
<testcase assertions="1" classname="test_board.test_bsf.test" name="_2" time="0.000136">
<system-out><![CDATA[INFO:
- file   : test_board.cpp
- line   : 61
- message: check bit == *square++ has passed
- context:
  - 'board = 9223372036854775808; squares = ; '


]]></system-out>
<system-err><![CDATA[Test case:
- name: test_board/test_bsf/test/_2
- description: ''
- file: 
- line: 140727119335880
]]></system-err>
</testcase>
<testcase assertions="6" classname="test_board.test_bsf.test" name="_3" time="0.000352">
<system-out><![CDATA[INFO:
- file   : test_board.cpp
- line   : 61
- message: check bit == *square++ has passed
- context:
  - 'board = 9241386572803736577; squares = ; '


INFO:
- file   : test_board.cpp
- line   : 61
- message: check bit == *square++ has passed
- context:
  - 'board = 9241386572803736577; squares = ; '


INFO:
- file   : test_board.cpp
- line   : 61
- message: check bit == *square++ has passed
- context:
  - 'board = 9241386572803736577; squares = ; '


INFO:
- file   : test_board.cpp
- line   : 61
- message: check bit == *square++ has passed
- context:
  - 'board = 9241386572803736577; squares = ; '


INFO:
- file   : test_board.cpp
- line   : 61
- message: check bit == *square++ has passed
- context:
  - 'board = 9241386572803736577; squares = ; '


INFO:
- file   : test_board.cpp
- line   : 61
- message: check bit == *square++ has passed
- context:
  - 'board = 9241386572803736577; squares = ; '


]]></system-out>
<system-err><![CDATA[Test case:
- name: test_board/test_bsf/test/_3
- description: ''
- file: 
- line: 140727119335880
]]></system-err>
</testcase>
<testcase assertions="64" classname="test_board.test_bsf.test" name="_4" time="0.002369">
<system-out><![CDATA[INFO:
- file   : test_board.cpp
- line   : 61
- message: check bit == *square++ has passed
- context:
  - 'board = 18446744073709551615; squares = ; '


INFO:
- file   : test_board.cpp
- line   : 61
- message: check bit == *square++ has passed
- context:
  - 'board = 18446744073709551615; squares = ; '


INFO:
- file   : test_board.cpp
- line   : 61
- message: check bit == *square++ has passed
- context:
  - 'board = 18446744073709551615; squares = ; '


INFO:
- file   : test_board.cpp
- line   : 61
- message: check bit == *square++ has passed
- context:
  - 'board = 18446744073709551615; squares = ; '


INFO:
- file   : test_board.cpp
- line   : 61
- message: check bit == *square++ has passed
- context:
  - 'board = 18446744073709551615; squares = ; '


INFO:
- file   : test_board.cpp
- line   : 61
- message: check bit == *square++ has passed
- context:
  - 'board = 18446744073709551615; squares = ; '


INFO:
- file   : test_board.cpp
- line   : 61
- message: check bit == *square++ has passed
- context:
  - 'board = 18446744073709551615; squares = ; '


INFO:
- file   : test_board.cpp
- line   : 61
- message: check bit == *square++ has passed
- context:
  - 'board = 18446744073709551615; squares = ; '


INFO:
- file   : test_board.cpp
- line   : 61
- message: check bit == *square++ has passed
- context:
  - 'board = 18446744073709551615; squares = ; '


INFO:
- file   : test_board.cpp
- line   : 61
- message: check bit == *square++ has passed
- context:
  - 'board = 18446744073709551615; squares = ; '


INFO:
- file   : test_board.cpp
- line   : 61
- message: check bit == *square++ has passed
- context:
  - 'board = 18446744073709551615; squares = ; '


INFO:
- file   : test_board.cpp
- line   : 61
- message: check bit == *square++ has passed
- context:
  - 'board = 18446744073709551615; squares = ; '


INFO:
- file   : test_board.cpp
- line   : 61
- message: check bit == *square++ has passed
- context:
  - 'board = 18446744073709551615; squares = ; '


INFO:
- file   : test_board.cpp
- line   : 61
- message: check bit == *square++ has passed
- context:
  - 'board = 18446744073709551615; squares = ; '


INFO:
- file   : test_board.cpp
- line   : 61
- message: check bit == *square++ has passed
- context:
  - 'board = 18446744073709551615; squares = ; '


INFO:
- file   : test_board.cpp
- line   : 61
- message: check bit == *square++ has passed
- context:
  - 'board = 18446744073709551615; squares = ; '


INFO:
- file   : test_board.cpp
- line   : 61
- message: check bit == *square++ has passed
- context:
  - 'board = 18446744073709551615; squares = ; '


INFO:
- file   : test_board.cpp
- line   : 61
- message: check bit == *square++ has passed
- context:
  - 'board = 18446744073709551615; squares = ; '


INFO:
- file   : test_board.cpp
- line   : 61
- message: check bit == *square++ has passed
- context:
  - 'board = 18446744073709551615; squares = ; '


INFO:
- file   : test_board.cpp
- line   : 61
- message: check bit == *square++ has passed
- context:
  - 'board = 18446744073709551615; squares = ; '


INFO:
- file   : test_board.cpp
- line   : 61
- message: check bit == *square++ has passed
- context:
  - 'board = 18446744073709551615; squares = ; '


INFO:
- file   : test_board.cpp
- line   : 61
- message: check bit == *square++ has passed
- context:
  - 'board = 18446744073709551615; squares = ; '


INFO:
- file   : test_board.cpp
- line   : 61
- message: check bit == *square++ has passed
- context:
  - 'board = 18446744073709551615; squares = ; '


INFO:
- file   : test_board.cpp
- line   : 61
- message: check bit == *square++ has passed
- context:
  - 'board = 18446744073709551615; squares = ; '


INFO:
- file   : test_board.cpp
- line   : 61
- message: check bit == *square++ has passed
- context:
  - 'board = 18446744073709551615; squares = ; '


INFO:
- file   : test_board.cpp
- line   : 61
- message: check bit == *square++ has passed
- context:
  - 'board = 18446744073709551615; squares = ; '


INFO:
- file   : test_board.cpp
- line   : 61
- message: check bit == *square++ has passed
- context:
  - 'board = 18446744073709551615; squares = ; '


INFO:
- file   : test_board.cpp
- line   : 61
- message: check bit == *square++ has passed
- context:
  - 'board = 18446744073709551615; squares = ; '


INFO:
- file   : test_board.cpp
- line   : 61
- message: check bit == *square++ has passed
- context:
  - 'board = 18446744073709551615; squares = ; '


INFO:
- file   : test_board.cpp
- line   : 61
- message: check bit == *square++ has passed
- context:
  - 'board = 18446744073709551615; squares = ; '


INFO:
- file   : test_board.cpp
- line   : 61
- message: check bit == *square++ has passed
- context:
  - 'board = 18446744073709551615; squares = ; '


INFO:
- file   : test_board.cpp
- line   : 61
- message: check bit == *square++ has passed
- context:
  - 'board = 18446744073709551615; squares = ; '


INFO:
- file   : test_board.cpp
- line   : 61
- message: check bit == *square++ has passed
- context:
  - 'board = 18446744073709551615; squares = ; '


INFO:
- file   : test_board.cpp
- line   : 61
- message: check bit == *square++ has passed
- context:
  - 'board = 18446744073709551615; squares = ; '


INFO:
- file   : test_board.cpp
- line   : 61
- message: check bit == *square++ has passed
- context:
  - 'board = 18446744073709551615; squares = ; '


INFO:
- file   : test_board.cpp
- line   : 61
- message: check bit == *square++ has passed
- context:
  - 'board = 18446744073709551615; squares = ; '


INFO:
- file   : test_board.cpp
- line   : 61
- message: check bit == *square++ has passed
- context:
  - 'board = 18446744073709551615; squares = ; '


INFO:
- file   : test_board.cpp
- line   : 61
- message: check bit == *square++ has passed
- context:
  - 'board = 18446744073709551615; squares = ; '


INFO:
- file   : test_board.cpp
- line   : 61
- message: check bit == *square++ has passed
- context:
  - 'board = 18446744073709551615; squares = ; '


INFO:
- file   : test_board.cpp
- line   : 61
- message: check bit == *square++ has passed
- context:
  - 'board = 18446744073709551615; squares = ; '


INFO:
- file   : test_board.cpp
- line   : 61
- message: check bit == *square++ has passed
- context:
  - 'board = 18446744073709551615; squares = ; '


INFO:
- file   : test_board.cpp
- line   : 61
- message: check bit == *square++ has passed
- context:
  - 'board = 18446744073709551615; squares = ; '


INFO:
- file   : test_board.cpp
- line   : 61
- message: check bit == *square++ has passed
- context:
  - 'board = 18446744073709551615; squares = ; '


INFO:
- file   : test_board.cpp
- line   : 61
- message: check bit == *square++ has passed
- context:
  - 'board = 18446744073709551615; squares = ; '


INFO:
- file   : test_board.cpp
- line   : 61
- message: check bit == *square++ has passed
- context:
  - 'board = 18446744073709551615; squares = ; '


INFO:
- file   : test_board.cpp
- line   : 61
- message: check bit == *square++ has passed
- context:
  - 'board = 18446744073709551615; squares = ; '


INFO:
- file   : test_board.cpp
- line   : 61
- message: check bit == *square++ has passed
- context:
  - 'board = 18446744073709551615; squares = ; '


INFO:
- file   : test_board.cpp
- line   : 61
- message: check bit == *square++ has passed
- context:
  - 'board = 18446744073709551615; squares = ; '


INFO:
- file   : test_board.cpp
- line   : 61
- message: check bit == *square++ has passed
- context:
  - 'board = 18446744073709551615; squares = ; '


INFO:
- file   : test_board.cpp
- line   : 61
- message: check bit == *square++ has passed
- context:
  - 'board = 18446744073709551615; squares = ; '


INFO:
- file   : test_board.cpp
- line   : 61
- message: check bit == *square++ has passed
- context:
  - 'board = 18446744073709551615; squares = ; '


INFO:
- file   : test_board.cpp
- line   : 61
- message: check bit == *square++ has passed
- context:
  - 'board = 18446744073709551615; squares = ; '


INFO:
- file   : test_board.cpp
- line   : 61
- message: check bit == *square++ has passed
- context:
  - 'board = 18446744073709551615; squares = ; '


INFO:
- file   : test_board.cpp
- line   : 61
- message: check bit == *square++ has passed
- context:
  - 'board = 18446744073709551615; squares = ; '


INFO:
- file   : test_board.cpp
- line   : 61
- message: check bit == *square++ has passed
- context:
  - 'board = 18446744073709551615; squares = ; '


INFO:
- file   : test_board.cpp
- line   : 61
- message: check bit == *square++ has passed
- context:
  - 'board = 18446744073709551615; squares = ; '


INFO:
- file   : test_board.cpp
- line   : 61
- message: check bit == *square++ has passed
- context:
  - 'board = 18446744073709551615; squares = ; '


INFO:
- file   : test_board.cpp
- line   : 61
- message: check bit == *square++ has passed
- context:
  - 'board = 18446744073709551615; squares = ; '


INFO:
- file   : test_board.cpp
- line   : 61
- message: check bit == *square++ has passed
- context:
  - 'board = 18446744073709551615; squares = ; '


INFO:
- file   : test_board.cpp
- line   : 61
- message: check bit == *square++ has passed
- context:
  - 'board = 18446744073709551615; squares = ; '


INFO:
- file   : test_board.cpp
- line   : 61
- message: check bit == *square++ has passed
- context:
  - 'board = 18446744073709551615; squares = ; '


INFO:
- file   : test_board.cpp
- line   : 61
- message: check bit == *square++ has passed
- context:
  - 'board = 18446744073709551615; squares = ; '


INFO:
- file   : test_board.cpp
- line   : 61
- message: check bit == *square++ has passed
- context:
  - 'board = 18446744073709551615; squares = ; '


INFO:
- file   : test_board.cpp
- line   : 61
- message: check bit == *square++ has passed
- context:
  - 'board = 18446744073709551615; squares = ; '


]]></system-out>
<system-err><![CDATA[Test case:
- name: test_board/test_bsf/test/_4
- description: ''
- file: 
- line: 140727119335880
]]></system-err>
</testcase>
<testcase assertions="1" classname="test_board.test_popcnt.test" name="_0" time="0.000151">
<system-out><![CDATA[INFO:
- file   : test_board.cpp
- line   : 79
- message: check popcnt(board) == size has passed
- context:
  - 'board = 0; size = 0; '


]]></system-out>
<system-err><![CDATA[Test case:
- name: test_board/test_popcnt/test/_0
- description: ''
- file: 
[...]
- name: test_attacker/test_bishop_queen/test_white/_1
- description: ''
- file: 
- line: 5590926
]]></system-err>
</testcase>
<testcase assertions="1" classname="test_attacker.test_bishop_queen.test_white" name="_2" time="0.000119">
<system-out><![CDATA[INFO:
- file   : test_attacker.cpp
- line   : 152
- message: check std::bitset<64>(attack) == std::bitset<64>(expectation) has passed
- context:
  - 'board = 288230376151711744; occupy = 288230376151711744; expectation = 2833579985862656; '


]]></system-out>
<system-err><![CDATA[Test case:
- name: test_attacker/test_bishop_queen/test_white/_2
- description: ''
- file: 
- line: 5590926
]]></system-err>
</testcase>
<testcase assertions="1" classname="test_attacker.test_bishop_queen.test_white" name="_3" time="0.000118">
<system-out><![CDATA[INFO:
- file   : test_attacker.cpp
- line   : 152
- message: check std::bitset<64>(attack) == std::bitset<64>(expectation) has passed
- context:
  - 'board = 288230376151711744; occupy = 288793327178874880; expectation = 2832480465846272; '


]]></system-out>
<system-err><![CDATA[Test case:
- name: test_attacker/test_bishop_queen/test_white/_3
- description: ''
- file: 
- line: 5590926
]]></system-err>
</testcase>
<testcase assertions="1" classname="test_attacker.test_bishop_queen.test_white" name="_4" time="0.000116">
<system-out><![CDATA[INFO:
- file   : test_attacker.cpp
- line   : 152
- message: check std::bitset<64>(attack) == std::bitset<64>(expectation) has passed
- context:
  - 'board = 32; occupy = 32; expectation = 1108177604608; '


]]></system-out>
<system-err><![CDATA[Test case:
- name: test_attacker/test_bishop_queen/test_white/_4
- description: ''
- file: 
- line: 5590926
]]></system-err>
</testcase>
<testcase assertions="1" classname="test_attacker.test_bishop_queen.test_white" name="_5" time="0.000121">
<system-out><![CDATA[INFO:
- file   : test_attacker.cpp
- line   : 152
- message: check std::bitset<64>(attack) == std::bitset<64>(expectation) has passed
- context:
  - 'board = 32; occupy = 8589951008; expectation = 8657588224; '


]]></system-out>
<system-err><![CDATA[Test case:
- name: test_attacker/test_bishop_queen/test_white/_5
- description: ''
- file: 
- line: 5590926
]]></system-err>
</testcase>
<testcase assertions="1" classname="test_attacker.test_bishop_queen.test_white" name="_6" time="0.000136">
<system-out><![CDATA[INFO:
- file   : test_attacker.cpp
- line   : 152
- message: check std::bitset<64>(attack) == std::bitset<64>(expectation) has passed
- context:
  - 'board = 2305843009213693952; occupy = 2305843009213693952; expectation = 22667548931719168; '


]]></system-out>
<system-err><![CDATA[Test case:
- name: test_attacker/test_bishop_queen/test_white/_6
- description: ''
- file: 
- line: 5590926
]]></system-err>
</testcase>
<testcase assertions="1" classname="test_attacker.test_bishop_queen.test_white" name="_7" time="0.000118">
<system-out><![CDATA[INFO:
- file   : test_attacker.cpp
- line   : 152
- message: check std::bitset<64>(attack) == std::bitset<64>(expectation) has passed
- context:
  - 'board = 2305843009213693952; occupy = 2323857407756730368; expectation = 22526811443298304; '


]]></system-out>
<system-err><![CDATA[Test case:
- name: test_attacker/test_bishop_queen/test_white/_7
- description: ''
- file: 
- line: 5590926
]]></system-err>
</testcase>
<testcase assertions="1" classname="test_attacker.test_bishop_queen.test_white" name="_8" time="0.000117">
<system-out><![CDATA[INFO:
- file   : test_attacker.cpp
- line   : 152
- message: check std::bitset<64>(attack) == std::bitset<64>(expectation) has passed
- context:
  - 'board = 402653184; occupy = 18652115660457472; expectation = 18408281374221888; '


]]></system-out>
<system-err><![CDATA[Test case:
- name: test_attacker/test_bishop_queen/test_white/_8
- description: ''
- file: 
- line: 5590926
]]></system-err>
</testcase>
<testcase assertions="1" classname="test_attacker.test_bishop_queen.test_black" name="_0" time="0.000124">
<system-out><![CDATA[INFO:
- file   : test_attacker.cpp
- line   : 158
- message: check std::bitset<64>(attack) == std::bitset<64>(expectation) has passed
- context:
  - 'board = 4; occupy = 4; expectation = 141012904249856; '


]]></system-out>
<system-err><![CDATA[Test case:
- name: test_attacker/test_bishop_queen/test_black/_0
- description: ''
- file: 
- line: 5590926
]]></system-err>
</testcase>
<testcase assertions="1" classname="test_attacker.test_bishop_queen.test_black" name="_1" time="0.000118">
<system-out><![CDATA[INFO:
- file   : test_attacker.cpp
- line   : 158
- message: check std::bitset<64>(attack) == std::bitset<64>(expectation) has passed
- context:
  - 'board = 4; occupy = 274877907460; expectation = 275415828992; '


]]></system-out>
<system-err><![CDATA[Test case:
- name: test_attacker/test_bishop_queen/test_black/_1
- description: ''
- file: 
- line: 5590926
]]></system-err>
</testcase>
<testcase assertions="1" classname="test_attacker.test_bishop_queen.test_black" name="_2" time="0.000117">
<system-out><![CDATA[INFO:
- file   : test_attacker.cpp
- line   : 158
- message: check std::bitset<64>(attack) == std::bitset<64>(expectation) has passed
- context:
  - 'board = 288230376151711744; occupy = 288230376151711744; expectation = 2833579985862656; '


]]></system-out>
<system-err><![CDATA[Test case:
- name: test_attacker/test_bishop_queen/test_black/_2
- description: ''
- file: 
- line: 5590926
]]></system-err>
</testcase>
<testcase assertions="1" classname="test_attacker.test_bishop_queen.test_black" name="_3" time="0.000117">
<system-out><![CDATA[INFO:
- file   : test_attacker.cpp
- line   : 158
- message: check std::bitset<64>(attack) == std::bitset<64>(expectation) has passed
- context:
  - 'board = 288230376151711744; occupy = 288793327178874880; expectation = 2832480465846272; '


]]></system-out>
<system-err><![CDATA[Test case:
- name: test_attacker/test_bishop_queen/test_black/_3
- description: ''
- file: 
- line: 5590926
]]></system-err>
</testcase>
<testcase assertions="1" classname="test_attacker.test_bishop_queen.test_black" name="_4" time="0.000116">
<system-out><![CDATA[INFO:
- file   : test_attacker.cpp
- line   : 158
- message: check std::bitset<64>(attack) == std::bitset<64>(expectation) has passed
- context:
  - 'board = 32; occupy = 32; expectation = 1108177604608; '


]]></system-out>
<system-err><![CDATA[Test case:
- name: test_attacker/test_bishop_queen/test_black/_4
- description: ''
- file: 
- line: 5590926
]]></system-err>
</testcase>
<testcase assertions="1" classname="test_attacker.test_bishop_queen.test_black" name="_5" time="0.000122">
<system-out><![CDATA[INFO:
- file   : test_attacker.cpp
- line   : 158
- message: check std::bitset<64>(attack) == std::bitset<64>(expectation) has passed
- context:
  - 'board = 32; occupy = 8589951008; expectation = 8657588224; '


]]></system-out>
<system-err><![CDATA[Test case:
- name: test_attacker/test_bishop_queen/test_black/_5
- description: ''
- file: 
- line: 5590926
]]></system-err>
</testcase>
<testcase assertions="1" classname="test_attacker.test_bishop_queen.test_black" name="_6" time="0.000127">
<system-out><![CDATA[INFO:
- file   : test_attacker.cpp
- line   : 158
- message: check std::bitset<64>(attack) == std::bitset<64>(expectation) has passed
- context:
  - 'board = 2305843009213693952; occupy = 2305843009213693952; expectation = 22667548931719168; '


]]></system-out>
<system-err><![CDATA[Test case:
- name: test_attacker/test_bishop_queen/test_black/_6
- description: ''
- file: 
- line: 5590926
]]></system-err>
</testcase>
<testcase assertions="1" classname="test_attacker.test_bishop_queen.test_black" name="_7" time="0.000122">
<system-out><![CDATA[INFO:
- file   : test_attacker.cpp
- line   : 158
- message: check std::bitset<64>(attack) == std::bitset<64>(expectation) has passed
- context:
  - 'board = 2305843009213693952; occupy = 2323857407756730368; expectation = 22526811443298304; '


]]></system-out>
<system-err><![CDATA[Test case:
- name: test_attacker/test_bishop_queen/test_black/_7
- description: ''
- file: 
- line: 5590926
]]></system-err>
</testcase>
<testcase assertions="1" classname="test_attacker.test_bishop_queen.test_black" name="_8" time="0.000145">
<system-out><![CDATA[INFO:
- file   : test_attacker.cpp
- line   : 158
- message: check std::bitset<64>(attack) == std::bitset<64>(expectation) has passed
- context:
  - 'board = 402653184; occupy = 18652115660457472; expectation = 18408281374221888; '


]]></system-out>
<system-err><![CDATA[Test case:
- name: test_attacker/test_bishop_queen/test_black/_8
- description: ''
- file: 
- line: 5590926
]]></system-err>
</testcase>
<testcase assertions="1" classname="test_attacker.test_knight.test_white" name="_0" time="0.00014">
<system-out><![CDATA[INFO:
- file   : test_attacker.cpp
- line   : 190
- message: check std::bitset<64>(attack) == std::bitset<64>(expectation) has passed
- context:
  - 'board = 1; expectation = 132096; '


]]></system-out>
<system-err><![CDATA[Test case:
- name: test_attacker/test_knight/test_white/_0
- description: ''
- file: 
- line: 5590926
]]></system-err>
</testcase>
<testcase assertions="1" classname="test_attacker.test_knight.test_white" name="_1" time="0.000117">
<system-out><![CDATA[INFO:
- file   : test_attacker.cpp
- line   : 190
- message: check std::bitset<64>(attack) == std::bitset<64>(expectation) has passed
- context:
  - 'board = 72057594037927936; expectation = 1128098930098176; '


]]></system-out>
<system-err><![CDATA[Test case:
- name: test_attacker/test_knight/test_white/_1
- description: ''
- file: 
- line: 5590926
]]></system-err>
</testcase>
<testcase assertions="1" classname="test_attacker.test_knight.test_white" name="_2" time="0.000113">
<system-out><![CDATA[INFO:
- file   : test_attacker.cpp
- line   : 190
- message: check std::bitset<64>(attack) == std::bitset<64>(expectation) has passed
- context:
  - 'board = 128; expectation = 4202496; '


]]></system-out>
<system-err><![CDATA[Test case:
- name: test_attacker/test_knight/test_white/_2
- description: ''
- file: 
- line: 5590926
]]></system-err>
</testcase>
<testcase assertions="1" classname="test_attacker.test_knight.test_white" name="_3" time="0.000113">
<system-out><![CDATA[INFO:
- file   : test_attacker.cpp
- line   : 190
- message: check std::bitset<64>(attack) == std::bitset<64>(expectation) has passed
- context:
  - 'board = 9223372036854775808; expectation = 9077567998918656; '


]]></system-out>
<system-err><![CDATA[Test case:
- name: test_attacker/test_knight/test_white/_3
- description: ''
- file: 
- line: 5590926
]]></system-err>
</testcase>
<testcase assertions="1" classname="test_attacker.test_knight.test_white" name="_4" time="0.000112">
<system-out><![CDATA[INFO:
- file   : test_attacker.cpp
- line   : 190
- message: check std::bitset<64>(attack) == std::bitset<64>(expectation) has passed
- context:
  - 'board = 66; expectation = 10819584; '


]]></system-out>
<system-err><![CDATA[Test case:
- name: test_attacker/test_knight/test_white/_4
- description: ''
- file: 
- line: 5590926
]]></system-err>
</testcase>
<testcase assertions="1" classname="test_attacker.test_knight.test_white" name="_5" time="0.000116">
<system-out><![CDATA[INFO:
- file   : test_attacker.cpp
- line   : 190
- message: check std::bitset<64>(attack) == std::bitset<64>(expectation) has passed
- context:
  - 'board = 4755801206503243776; expectation = 6936818859638784; '


]]></system-out>
<system-err><![CDATA[Test case:
- name: test_attacker/test_knight/test_white/_5
- description: ''
- file: 
- line: 5590926
]]></system-err>
</testcase>
<testcase assertions="1" classname="test_attacker.test_knight.test_white" name="_6" time="0.000293">
<system-out><![CDATA[INFO:
- file   : test_attacker.cpp
- line   : 190
- message: check std::bitset<64>(attack) == std::bitset<64>(expectation) has passed
- context:
  - 'board = 402653184; expectation = 66408791030784; '


]]></system-out>
<system-err><![CDATA[Test case:
- name: test_attacker/test_knight/test_white/_6
- description: ''
- file: 
- line: 5590926
]]></system-err>
</testcase>
<testcase assertions="1" classname="test_attacker.test_knight.test_black" name="_0" time="0.000116">
<system-out><![CDATA[INFO:
- file   : test_attacker.cpp
- line   : 196
- message: check std::bitset<64>(attack) == std::bitset<64>(expectation) has passed
- context:
  - 'board = 1; expectation = 132096; '


]]></system-out>
<system-err><![CDATA[Test case:
- name: test_attacker/test_knight/test_black/_0
- description: ''
- file: 
- line: 5590926
]]></system-err>
</testcase>
<testcase assertions="1" classname="test_attacker.test_knight.test_black" name="_1" time="0.000115">
<system-out><![CDATA[INFO:
- file   : test_attacker.cpp
- line   : 196
- message: check std::bitset<64>(attack) == std::bitset<64>(expectation) has passed
- context:
  - 'board = 72057594037927936; expectation = 1128098930098176; '


]]></system-out>
<system-err><![CDATA[Test case:
- name: test_attacker/test_knight/test_black/_1
- description: ''
- file: 
- line: 5590926
]]></system-err>
</testcase>
<testcase assertions="1" classname="test_attacker.test_knight.test_black" name="_2" time="0.000114">
<system-out><![CDATA[INFO:
- file   : test_attacker.cpp
- line   : 196
- message: check std::bitset<64>(attack) == std::bitset<64>(expectation) has passed
- context:
  - 'board = 128; expectation = 4202496; '


]]></system-out>
<system-err><![CDATA[Test case:
- name: test_attacker/test_knight/test_black/_2
- description: ''
- file: 
- line: 5590926
]]></system-err>
</testcase>
<testcase assertions="1" classname="test_attacker.test_knight.test_black" name="_3" time="0.000116">
<system-out><![CDATA[INFO:
- file   : test_attacker.cpp
- line   : 196
- message: check std::bitset<64>(attack) == std::bitset<64>(expectation) has passed
- context:
  - 'board = 9223372036854775808; expectation = 9077567998918656; '


]]></system-out>
<system-err><![CDATA[Test case:
- name: test_attacker/test_knight/test_black/_3
- description: ''
- file: 
- line: 5590926
]]></system-err>
</testcase>
<testcase assertions="1" classname="test_attacker.test_knight.test_black" name="_4" time="0.000112">
<system-out><![CDATA[INFO:
- file   : test_attacker.cpp
- line   : 196
- message: check std::bitset<64>(attack) == std::bitset<64>(expectation) has passed
- context:
  - 'board = 66; expectation = 10819584; '


]]></system-out>
<system-err><![CDATA[Test case:
- name: test_attacker/test_knight/test_black/_4
- description: ''
- file: 
- line: 5590926
]]></system-err>
</testcase>
<testcase assertions="1" classname="test_attacker.test_knight.test_black" name="_5" time="0.000114">
<system-out><![CDATA[INFO:
- file   : test_attacker.cpp
- line   : 196
- message: check std::bitset<64>(attack) == std::bitset<64>(expectation) has passed
- context:
  - 'board = 4755801206503243776; expectation = 6936818859638784; '


]]></system-out>
<system-err><![CDATA[Test case:
- name: test_attacker/test_knight/test_black/_5
- description: ''
- file: 
- line: 5590926
]]></system-err>
</testcase>
<testcase assertions="1" classname="test_attacker.test_knight.test_black" name="_6" time="0.000112">
<system-out><![CDATA[INFO:
- file   : test_attacker.cpp
- line   : 196
- message: check std::bitset<64>(attack) == std::bitset<64>(expectation) has passed
- context:
  - 'board = 402653184; expectation = 66408791030784; '


]]></system-out>
<system-err><![CDATA[Test case:
- name: test_attacker/test_knight/test_black/_6
- description: ''
- file: 
- line: 5590926
]]></system-err>
</testcase>
<testcase assertions="1" classname="test_attacker.test_pawn_white.test" name="_0" time="0.000118">
<system-out><![CDATA[INFO:
- file   : test_attacker.cpp
- line   : 218
- message: check std::bitset<64>(attack) == std::bitset<64>(expectation) has passed
- context:
  - 'board = 512; expectation = 327680; '


]]></system-out>
<system-err><![CDATA[Test case:
- name: test_attacker/test_pawn_white/test/_0
- description: ''
- file: 
- line: 5590926
]]></system-err>
</testcase>
<testcase assertions="1" classname="test_attacker.test_pawn_white.test" name="_1" time="0.000114">
<system-out><![CDATA[INFO:
- file   : test_attacker.cpp
- line   : 218
- message: check std::bitset<64>(attack) == std::bitset<64>(expectation) has passed
- context:
  - 'board = 134480384; expectation = 86067445760; '


]]></system-out>
<system-err><![CDATA[Test case:
- name: test_attacker/test_pawn_white/test/_1
- description: ''
- file: 
- line: 5590926
]]></system-err>
</testcase>
<testcase assertions="1" classname="test_attacker.test_pawn_black.test" name="_0" time="0.000116">
<system-out><![CDATA[INFO:
- file   : test_attacker.cpp
- line   : 240
- message: check std::bitset<64>(attack) == std::bitset<64>(expectation) has passed
- context:
  - 'board = 562949953421312; expectation = 5497558138880; '


]]></system-out>
<system-err><![CDATA[Test case:
- name: test_attacker/test_pawn_black/test/_0
- description: ''
- file: 
- line: 5590926
]]></system-err>
</testcase>
<testcase assertions="1" classname="test_attacker.test_pawn_black.test" name="_1" time="0.000114">
<system-out><![CDATA[INFO:
- file   : test_attacker.cpp
- line   : 240
- message: check std::bitset<64>(attack) == std::bitset<64>(expectation) has passed
- context:
  - 'board = 567382359670784; expectation = 5540843356160; '


]]></system-out>
<system-err><![CDATA[Test case:
- name: test_attacker/test_pawn_black/test/_1
- description: ''
- file: 
- line: 5590926
]]></system-err>
</testcase>
<testcase assertions="1" classname="test_attack_generator.test_white.test" name="_0" time="0.000128">
<system-out><![CDATA[INFO:
- file   : test_attack_generator.cpp
- line   : 36
- message: check std::bitset<64>(attack) == std::bitset<64>(board) has passed
- context:
  - 'node = 
 abcdefgh
8rnbqkbnr8
7pppppppp7
6        6
5        5
4        4
3        3
2PPPPPPPP2
1RNBQKBNR1
 abcdefgh
Color = 1
EnPassant = 
; board = 16777086; '


]]></system-out>
<system-err><![CDATA[Test case:
- name: test_attack_generator/test_white/test/_0
- description: ''
- file: 
- line: 5590926
]]></system-err>
</testcase>
<testcase assertions="1" classname="test_attack_generator.test_white.test" name="_1" time="0.000124">
<system-out><![CDATA[INFO:
- file   : test_attack_generator.cpp
- line   : 36
- message: check std::bitset<64>(attack) == std::bitset<64>(board) has passed
- context:
  - 'node = 
 abcdefgh
8rnbqkbnr8
7pppppppp7
6        6
5        5
4    P   4
3        3
2PPPP PPP2
1RNBQKBNR1
 abcdefgh
Color = 1
EnPassant = 
; board = 1830813695870; '


]]></system-out>
<system-err><![CDATA[Test case:
- name: test_attack_generator/test_white/test/_1
- description: ''
- file: 
- line: 5590926
]]></system-err>
</testcase>
<testcase assertions="1" classname="test_attack_generator.test_black.test" name="_0" time="0.000127">
<system-out><![CDATA[INFO:
- file   : test_attack_generator.cpp
- line   : 52
- message: check std::bitset<64>(attack) == std::bitset<64>(board) has passed
- context:
  - 'node = 
 abcdefgh
8rnbqkbnr8
7pppppppp7
6        6
5        5
4        4
3        3
2PPPPPPPP2
1RNBQKBNR1
 abcdefgh
Color = 1
EnPassant = 
; board = 9151313343305220096; '


]]></system-out>
<system-err><![CDATA[Test case:
- name: test_attack_generator/test_black/test/_0
- description: ''
- file: 
- line: 5590926
]]></system-err>
</testcase>
<testcase assertions="1" classname="test_attack_generator.test_black.test" name="_1" time="0.000121">
<system-out><![CDATA[INFO:
- file   : test_attack_generator.cpp
- line   : 52
- message: check std::bitset<64>(attack) == std::bitset<64>(board) has passed
- context:
  - 'node = 
 abcdefgh
8rnbqkbnr8
7pppppppp7
6        6
5        5
4    P   4
3        3
2PPPP PPP2
1RNBQKBNR1
 abcdefgh
Color = 1
EnPassant = 
; board = 9151313343305220096; '


]]></system-out>
<system-err><![CDATA[Test case:
- name: test_attack_generator/test_black/test/_1
- description: ''
- file: 
- line: 5590926
]]></system-err>
</testcase>
</testsuite>